{
"src\\client\\app\\notification\\notification.page.ts":{"path":"src\\client\\app\\notification\\notification.page.ts","statementMap":{"1":{"start":{"line":5,"column":0},"end":{"line":5,"column":50}},"2":{"start":{"line":6,"column":0},"end":{"line":6,"column":49}},"3":{"start":{"line":8,"column":0},"end":{"line":8,"column":38}},"4":{"start":{"line":11,"column":0},"end":{"line":11,"column":61}},"5":{"start":{"line":13,"column":0},"end":{"line":13,"column":74}},"6":{"start":{"line":14,"column":0},"end":{"line":14,"column":63}},"7":{"start":{"line":15,"column":0},"end":{"line":15,"column":80}},"8":{"start":{"line":16,"column":0},"end":{"line":16,"column":100}},"9":{"start":{"line":18,"column":0},"end":{"line":22,"column":1}},"10":{"start":{"line":19,"column":4},"end":{"line":19,"column":14}},"11":{"start":{"line":20,"column":4},"end":{"line":20,"column":12}},"12":{"start":{"line":21,"column":4},"end":{"line":21,"column":14}},"13":{"start":{"line":24,"column":0},"end":{"line":27,"column":1}},"14":{"start":{"line":25,"column":4},"end":{"line":25,"column":24}},"15":{"start":{"line":26,"column":4},"end":{"line":26,"column":17}},"16":{"start":{"line":34,"column":0},"end":{"line":306,"column":1}},"17":{"start":{"line":141,"column":4},"end":{"line":144,"column":5}},"18":{"start":{"line":141,"column":24},"end":{"line":141,"column":64}},"19":{"start":{"line":141,"column":74},"end":{"line":141,"column":106}},"20":{"start":{"line":142,"column":16},"end":{"line":142,"column":37}},"21":{"start":{"line":142,"column":47},"end":{"line":142,"column":89}},"22":{"start":{"line":143,"column":16},"end":{"line":143,"column":40}},"23":{"start":{"line":143,"column":50},"end":{"line":143,"column":76}},"24":{"start":{"line":38,"column":4},"end":{"line":38,"column":41}},"25":{"start":{"line":54,"column":4},"end":{"line":54,"column":20}},"26":{"start":{"line":78,"column":4},"end":{"line":78,"column":28}},"27":{"start":{"line":86,"column":4},"end":{"line":86,"column":52}},"28":{"start":{"line":94,"column":4},"end":{"line":96,"column":5}},"29":{"start":{"line":105,"column":8},"end":{"line":126,"column":9}},"30":{"start":{"line":106,"column":12},"end":{"line":123,"column":15}},"31":{"start":{"line":110,"column":16},"end":{"line":112,"column":17}},"32":{"start":{"line":111,"column":20},"end":{"line":111,"column":30}},"33":{"start":{"line":113,"column":16},"end":{"line":115,"column":17}},"34":{"start":{"line":114,"column":20},"end":{"line":114,"column":29}},"35":{"start":{"line":116,"column":16},"end":{"line":118,"column":17}},"36":{"start":{"line":117,"column":20},"end":{"line":117,"column":30}},"37":{"start":{"line":119,"column":16},"end":{"line":121,"column":17}},"38":{"start":{"line":120,"column":20},"end":{"line":120,"column":29}},"39":{"start":{"line":122,"column":16},"end":{"line":122,"column":25}},"40":{"start":{"line":125,"column":12},"end":{"line":125,"column":47}},"41":{"start":{"line":95,"column":8},"end":{"line":95,"column":44}},"42":{"start":{"line":149,"column":4},"end":{"line":162,"column":5}},"43":{"start":{"line":150,"column":8},"end":{"line":150,"column":43}},"44":{"start":{"line":151,"column":8},"end":{"line":151,"column":40}},"45":{"start":{"line":152,"column":8},"end":{"line":152,"column":63}},"46":{"start":{"line":153,"column":8},"end":{"line":161,"column":9}},"47":{"start":{"line":154,"column":12},"end":{"line":154,"column":45}},"48":{"start":{"line":155,"column":12},"end":{"line":160,"column":19}},"49":{"start":{"line":158,"column":20},"end":{"line":158,"column":59}},"50":{"start":{"line":159,"column":20},"end":{"line":159,"column":50}},"51":{"start":{"line":171,"column":4},"end":{"line":176,"column":5}},"52":{"start":{"line":173,"column":8},"end":{"line":173,"column":59}},"53":{"start":{"line":175,"column":8},"end":{"line":175,"column":43}},"54":{"start":{"line":181,"column":4},"end":{"line":185,"column":5}},"55":{"start":{"line":182,"column":8},"end":{"line":184,"column":9}},"56":{"start":{"line":183,"column":12},"end":{"line":183,"column":102}},"57":{"start":{"line":183,"column":55},"end":{"line":183,"column":100}},"58":{"start":{"line":187,"column":4},"end":{"line":191,"column":5}},"59":{"start":{"line":188,"column":8},"end":{"line":190,"column":9}},"60":{"start":{"line":189,"column":12},"end":{"line":189,"column":85}},"61":{"start":{"line":189,"column":57},"end":{"line":189,"column":72}},"62":{"start":{"line":196,"column":12},"end":{"line":209,"column":5}},"63":{"start":{"line":196,"column":4},"end":{"line":209,"column":5}},"64":{"start":{"line":197,"column":8},"end":{"line":203,"column":9}},"65":{"start":{"line":198,"column":12},"end":{"line":199,"column":58}},"66":{"start":{"line":198,"column":54},"end":{"line":198,"column":69}},"67":{"start":{"line":199,"column":33},"end":{"line":199,"column":56}},"68":{"start":{"line":200,"column":12},"end":{"line":200,"column":123}},"69":{"start":{"line":200,"column":83},"end":{"line":200,"column":121}},"70":{"start":{"line":201,"column":12},"end":{"line":201,"column":79}},"71":{"start":{"line":201,"column":54},"end":{"line":201,"column":77}},"72":{"start":{"line":202,"column":12},"end":{"line":202,"column":47}},"73":{"start":{"line":204,"column":8},"end":{"line":207,"column":15}},"74":{"start":{"line":206,"column":16},"end":{"line":206,"column":84}},"75":{"start":{"line":208,"column":8},"end":{"line":208,"column":24}},"76":{"start":{"line":213,"column":4},"end":{"line":226,"column":5}},"77":{"start":{"line":217,"column":8},"end":{"line":218,"column":100}},"78":{"start":{"line":218,"column":54},"end":{"line":218,"column":69}},"79":{"start":{"line":218,"column":83},"end":{"line":218,"column":98}},"80":{"start":{"line":219,"column":8},"end":{"line":225,"column":9}},"81":{"start":{"line":220,"column":12},"end":{"line":224,"column":15}},"82":{"start":{"line":221,"column":16},"end":{"line":223,"column":17}},"83":{"start":{"line":222,"column":20},"end":{"line":222,"column":55}},"84":{"start":{"line":231,"column":4},"end":{"line":245,"column":5}},"85":{"start":{"line":235,"column":8},"end":{"line":236,"column":100}},"86":{"start":{"line":236,"column":54},"end":{"line":236,"column":69}},"87":{"start":{"line":236,"column":83},"end":{"line":236,"column":98}},"88":{"start":{"line":237,"column":8},"end":{"line":244,"column":9}},"89":{"start":{"line":238,"column":12},"end":{"line":242,"column":15}},"90":{"start":{"line":239,"column":16},"end":{"line":241,"column":17}},"91":{"start":{"line":240,"column":20},"end":{"line":240,"column":53}},"92":{"start":{"line":250,"column":4},"end":{"line":263,"column":5}},"93":{"start":{"line":254,"column":8},"end":{"line":255,"column":100}},"94":{"start":{"line":255,"column":54},"end":{"line":255,"column":69}},"95":{"start":{"line":255,"column":83},"end":{"line":255,"column":98}},"96":{"start":{"line":256,"column":8},"end":{"line":262,"column":9}},"97":{"start":{"line":257,"column":12},"end":{"line":261,"column":15}},"98":{"start":{"line":258,"column":16},"end":{"line":260,"column":17}},"99":{"start":{"line":259,"column":20},"end":{"line":259,"column":55}},"100":{"start":{"line":269,"column":4},"end":{"line":283,"column":5}},"101":{"start":{"line":271,"column":8},"end":{"line":271,"column":43}},"102":{"start":{"line":272,"column":8},"end":{"line":272,"column":70}},"103":{"start":{"line":272,"column":48},"end":{"line":272,"column":68}},"104":{"start":{"line":273,"column":8},"end":{"line":273,"column":32}},"105":{"start":{"line":274,"column":8},"end":{"line":281,"column":9}},"106":{"start":{"line":275,"column":12},"end":{"line":275,"column":46}},"107":{"start":{"line":277,"column":12},"end":{"line":277,"column":45}},"108":{"start":{"line":278,"column":12},"end":{"line":280,"column":85}},"109":{"start":{"line":279,"column":32},"end":{"line":280,"column":83}},"110":{"start":{"line":282,"column":8},"end":{"line":282,"column":24}},"111":{"start":{"line":285,"column":4},"end":{"line":287,"column":5}},"112":{"start":{"line":286,"column":8},"end":{"line":286,"column":52}},"113":{"start":{"line":289,"column":4},"end":{"line":291,"column":5}},"114":{"start":{"line":290,"column":8},"end":{"line":290,"column":54}},"115":{"start":{"line":293,"column":4},"end":{"line":296,"column":5}},"116":{"start":{"line":294,"column":8},"end":{"line":294,"column":32}},"117":{"start":{"line":295,"column":8},"end":{"line":295,"column":27}},"118":{"start":{"line":298,"column":4},"end":{"line":305,"column":5}},"119":{"start":{"line":298,"column":26},"end":{"line":298,"column":47}},"120":{"start":{"line":299,"column":8},"end":{"line":301,"column":9}},"121":{"start":{"line":300,"column":12},"end":{"line":300,"column":19}},"122":{"start":{"line":302,"column":8},"end":{"line":302,"column":105}},"123":{"start":{"line":303,"column":8},"end":{"line":303,"column":123}},"124":{"start":{"line":304,"column":8},"end":{"line":304,"column":50}},"125":{"start":{"line":29,"column":0},"end":{"line":33,"column":2}},"126":{"start":{"line":306,"column":0},"end":{"line":306,"column":1}},"127":{"start":{"line":34,"column":13},"end":{"line":306,"column":1}}},"fnMap":{"1":{"name":"(anonymous_3)","line":18,"loc":{"start":{"line":18,"column":0},"end":{"line":18,"column":22}}},"2":{"name":"(anonymous_4)","line":24,"loc":{"start":{"line":24,"column":0},"end":{"line":24,"column":21}}},"3":{"name":"(anonymous_5)","line":34,"loc":{"start":{"line":34,"column":0},"end":{"line":null,"column":-1}}},"4":{"name":"NotificationPage","line":141,"loc":{"start":{"line":141,"column":4},"end":{"line":143,"column":76}}},"5":{"name":"(anonymous_7)","line":104,"loc":{"start":{"line":104,"column":4},"end":{"line":null,"column":-1}}},"6":{"name":"(anonymous_8)","line":106,"loc":{"start":{"line":106,"column":52},"end":{"line":106,"column":57}}},"7":{"name":"(anonymous_9)","line":94,"loc":{"start":{"line":94,"column":4},"end":{"line":94,"column":51}}},"8":{"name":"(anonymous_10)","line":149,"loc":{"start":{"line":149,"column":4},"end":{"line":null,"column":-1}}},"9":{"name":"(anonymous_11)","line":157,"loc":{"start":{"line":157,"column":27},"end":{"line":157,"column":35}}},"10":{"name":"(anonymous_12)","line":171,"loc":{"start":{"line":171,"column":4},"end":{"line":171,"column":49}}},"11":{"name":"(anonymous_13)","line":181,"loc":{"start":{"line":181,"column":4},"end":{"line":null,"column":-1}}},"12":{"name":"(anonymous_14)","line":183,"loc":{"start":{"line":183,"column":47},"end":{"line":183,"column":51}}},"13":{"name":"(anonymous_15)","line":187,"loc":{"start":{"line":187,"column":4},"end":{"line":187,"column":26}}},"14":{"name":"(anonymous_16)","line":189,"loc":{"start":{"line":189,"column":49},"end":{"line":189,"column":53}}},"15":{"name":"(anonymous_17)","line":196,"loc":{"start":{"line":196,"column":4},"end":{"line":196,"column":39}}},"16":{"name":"(anonymous_18)","line":198,"loc":{"start":{"line":198,"column":46},"end":{"line":198,"column":50}}},"17":{"name":"(anonymous_19)","line":199,"loc":{"start":{"line":199,"column":25},"end":{"line":199,"column":29}}},"18":{"name":"(anonymous_20)","line":200,"loc":{"start":{"line":200,"column":75},"end":{"line":200,"column":79}}},"19":{"name":"(anonymous_21)","line":201,"loc":{"start":{"line":201,"column":46},"end":{"line":201,"column":50}}},"20":{"name":"(anonymous_22)","line":205,"loc":{"start":{"line":205,"column":23},"end":{"line":205,"column":32}}},"21":{"name":"(anonymous_23)","line":213,"loc":{"start":{"line":213,"column":4},"end":{"line":null,"column":-1}}},"22":{"name":"(anonymous_24)","line":218,"loc":{"start":{"line":218,"column":46},"end":{"line":218,"column":50}}},"23":{"name":"(anonymous_25)","line":218,"loc":{"start":{"line":218,"column":75},"end":{"line":218,"column":79}}},"24":{"name":"(anonymous_26)","line":220,"loc":{"start":{"line":220,"column":84},"end":{"line":220,"column":92}}},"25":{"name":"(anonymous_27)","line":231,"loc":{"start":{"line":231,"column":4},"end":{"line":null,"column":-1}}},"26":{"name":"(anonymous_28)","line":236,"loc":{"start":{"line":236,"column":46},"end":{"line":236,"column":50}}},"27":{"name":"(anonymous_29)","line":236,"loc":{"start":{"line":236,"column":75},"end":{"line":236,"column":79}}},"28":{"name":"(anonymous_30)","line":238,"loc":{"start":{"line":238,"column":76},"end":{"line":238,"column":84}}},"29":{"name":"(anonymous_31)","line":250,"loc":{"start":{"line":250,"column":4},"end":{"line":null,"column":-1}}},"30":{"name":"(anonymous_32)","line":255,"loc":{"start":{"line":255,"column":46},"end":{"line":255,"column":50}}},"31":{"name":"(anonymous_33)","line":255,"loc":{"start":{"line":255,"column":75},"end":{"line":255,"column":79}}},"32":{"name":"(anonymous_34)","line":257,"loc":{"start":{"line":257,"column":78},"end":{"line":257,"column":86}}},"33":{"name":"(anonymous_35)","line":269,"loc":{"start":{"line":269,"column":4},"end":{"line":269,"column":33}}},"34":{"name":"(anonymous_36)","line":272,"loc":{"start":{"line":272,"column":43},"end":{"line":272,"column":44}}},"35":{"name":"(anonymous_37)","line":279,"loc":{"start":{"line":279,"column":24},"end":{"line":279,"column":28}}},"36":{"name":"(anonymous_38)","line":285,"loc":{"start":{"line":285,"column":4},"end":{"line":null,"column":-1}}},"37":{"name":"(anonymous_39)","line":289,"loc":{"start":{"line":289,"column":4},"end":{"line":null,"column":-1}}},"38":{"name":"(anonymous_40)","line":293,"loc":{"start":{"line":293,"column":4},"end":{"line":293,"column":31}}},"39":{"name":"(anonymous_41)","line":298,"loc":{"start":{"line":298,"column":4},"end":{"line":298,"column":47}}}},"branchMap":{"1":{"line":18,"type":"binary-expr","locations":[{"start":{"line":18,"column":12},"end":{"line":18,"column":22}},{"start":{"line":18,"column":12},"end":{"line":18,"column":22}}]},"2":{"line":24,"type":"binary-expr","locations":[{"start":{"line":24,"column":5},"end":{"line":24,"column":21}},{"start":{"line":24,"column":5},"end":{"line":24,"column":21}}]},"3":{"line":105,"type":"if","locations":[{"start":{"line":105,"column":8},"end":{"line":105,"column":7}},{"start":{"line":105,"column":8},"end":{"line":105,"column":7}}]},"4":{"line":110,"type":"if","locations":[{"start":{"line":110,"column":16},"end":{"line":110,"column":15}},{"start":{"line":110,"column":16},"end":{"line":110,"column":15}}]},"5":{"line":113,"type":"if","locations":[{"start":{"line":113,"column":16},"end":{"line":113,"column":15}},{"start":{"line":113,"column":16},"end":{"line":113,"column":15}}]},"6":{"line":116,"type":"if","locations":[{"start":{"line":116,"column":16},"end":{"line":116,"column":15}},{"start":{"line":116,"column":16},"end":{"line":116,"column":15}}]},"7":{"line":119,"type":"if","locations":[{"start":{"line":119,"column":16},"end":{"line":119,"column":15}},{"start":{"line":119,"column":16},"end":{"line":119,"column":15}}]},"8":{"line":153,"type":"if","locations":[{"start":{"line":153,"column":8},"end":{"line":153,"column":7}},{"start":{"line":153,"column":8},"end":{"line":153,"column":7}}]},"9":{"line":182,"type":"if","locations":[{"start":{"line":182,"column":8},"end":{"line":182,"column":7}},{"start":{"line":182,"column":8},"end":{"line":182,"column":7}}]},"10":{"line":188,"type":"if","locations":[{"start":{"line":188,"column":8},"end":{"line":188,"column":7}},{"start":{"line":188,"column":8},"end":{"line":188,"column":7}}]},"11":{"line":197,"type":"if","locations":[{"start":{"line":197,"column":8},"end":{"line":197,"column":7}},{"start":{"line":197,"column":8},"end":{"line":197,"column":7}}]},"12":{"line":219,"type":"if","locations":[{"start":{"line":219,"column":8},"end":{"line":219,"column":7}},{"start":{"line":219,"column":8},"end":{"line":219,"column":7}}]},"13":{"line":221,"type":"if","locations":[{"start":{"line":221,"column":16},"end":{"line":221,"column":15}},{"start":{"line":221,"column":16},"end":{"line":221,"column":15}}]},"14":{"line":237,"type":"if","locations":[{"start":{"line":237,"column":8},"end":{"line":237,"column":7}},{"start":{"line":237,"column":8},"end":{"line":237,"column":7}}]},"15":{"line":239,"type":"if","locations":[{"start":{"line":239,"column":16},"end":{"line":239,"column":15}},{"start":{"line":239,"column":16},"end":{"line":239,"column":15}}]},"16":{"line":256,"type":"if","locations":[{"start":{"line":256,"column":8},"end":{"line":256,"column":7}},{"start":{"line":256,"column":8},"end":{"line":256,"column":7}}]},"17":{"line":258,"type":"if","locations":[{"start":{"line":258,"column":16},"end":{"line":258,"column":15}},{"start":{"line":258,"column":16},"end":{"line":258,"column":15}}]},"18":{"line":274,"type":"if","locations":[{"start":{"line":274,"column":8},"end":{"line":274,"column":7}},{"start":{"line":274,"column":8},"end":{"line":274,"column":7}}]},"19":{"line":279,"type":"binary-expr","locations":[{"start":{"line":279,"column":32},"end":{"line":279,"column":70}},{"start":{"line":280,"column":23},"end":{"line":280,"column":83}}]},"20":{"line":298,"type":"if","locations":[{"start":{"line":298,"column":26},"end":{"line":298,"column":25}},{"start":{"line":298,"column":26},"end":{"line":298,"column":25}}]},"21":{"line":299,"type":"if","locations":[{"start":{"line":299,"column":8},"end":{"line":299,"column":7}},{"start":{"line":299,"column":8},"end":{"line":299,"column":7}}]},"22":{"line":299,"type":"binary-expr","locations":[{"start":{"line":299,"column":12},"end":{"line":299,"column":20}},{"start":{"line":299,"column":24},"end":{"line":299,"column":52}}]}},"s":{"1":1,"2":1,"3":1,"4":1,"5":1,"6":1,"7":1,"8":1,"9":2,"10":1,"11":1,"12":1,"13":2,"14":1,"15":1,"16":1,"17":1,"18":0,"19":0,"20":0,"21":0,"22":0,"23":0,"24":0,"25":0,"26":0,"27":0,"28":1,"29":0,"30":0,"31":0,"32":0,"33":0,"34":0,"35":0,"36":0,"37":0,"38":0,"39":0,"40":0,"41":0,"42":1,"43":0,"44":0,"45":0,"46":0,"47":0,"48":0,"49":0,"50":0,"51":1,"52":0,"53":0,"54":1,"55":0,"56":0,"57":0,"58":1,"59":0,"60":0,"61":0,"62":1,"63":0,"64":0,"65":0,"66":0,"67":0,"68":0,"69":0,"70":0,"71":0,"72":0,"73":0,"74":0,"75":0,"76":1,"77":0,"78":0,"79":0,"80":0,"81":0,"82":0,"83":0,"84":1,"85":0,"86":0,"87":0,"88":0,"89":0,"90":0,"91":0,"92":1,"93":0,"94":0,"95":0,"96":0,"97":0,"98":0,"99":0,"100":1,"101":0,"102":0,"103":0,"104":0,"105":0,"106":0,"107":0,"108":0,"109":0,"110":0,"111":1,"112":0,"113":1,"114":0,"115":1,"116":0,"117":0,"118":1,"119":0,"120":0,"121":0,"122":0,"123":0,"124":0,"125":1,"126":1,"127":1},"b":{"1":[1,1],"2":[1,1],"3":[0,0],"4":[0,0],"5":[0,0],"6":[0,0],"7":[0,0],"8":[0,0],"9":[0,0],"10":[0,0],"11":[0,0],"12":[0,0],"13":[0,0],"14":[0,0],"15":[0,0],"16":[0,0],"17":[0,0],"18":[0,0],"19":[0,0],"20":[0,0],"21":[0,0],"22":[0,0]},"f":{"1":1,"2":1,"3":1,"4":0,"5":0,"6":0,"7":0,"8":0,"9":0,"10":0,"11":0,"12":0,"13":0,"14":0,"15":0,"16":0,"17":0,"18":0,"19":0,"20":0,"21":0,"22":0,"23":0,"24":0,"25":0,"26":0,"27":0,"28":0,"29":0,"30":0,"31":0,"32":0,"33":0,"34":0,"35":0,"36":0,"37":0,"38":0,"39":0},"l":{"5":1,"6":1,"8":1,"11":1,"13":1,"14":1,"15":1,"16":1,"18":2,"19":1,"20":1,"21":1,"24":2,"25":1,"26":1,"29":1,"34":1,"38":0,"54":0,"78":0,"86":0,"94":1,"95":0,"105":0,"106":0,"110":0,"111":0,"113":0,"114":0,"116":0,"117":0,"119":0,"120":0,"122":0,"125":0,"141":1,"142":0,"143":0,"149":1,"150":0,"151":0,"152":0,"153":0,"154":0,"155":0,"158":0,"159":0,"171":1,"173":0,"175":0,"181":1,"182":0,"183":0,"187":1,"188":0,"189":0,"196":1,"197":0,"198":0,"199":0,"200":0,"201":0,"202":0,"204":0,"206":0,"208":0,"213":1,"217":0,"218":0,"219":0,"220":0,"221":0,"222":0,"231":1,"235":0,"236":0,"237":0,"238":0,"239":0,"240":0,"250":1,"254":0,"255":0,"256":0,"257":0,"258":0,"259":0,"269":1,"271":0,"272":0,"273":0,"274":0,"275":0,"277":0,"278":0,"279":0,"282":0,"285":1,"286":0,"289":1,"290":0,"293":1,"294":0,"295":0,"298":1,"299":0,"300":0,"302":0,"303":0,"304":0,"306":1}},
"src\\client\\app\\notification\\notification.service.ts":{"path":"src\\client\\app\\notification\\notification.service.ts","statementMap":{"1":{"start":{"line":1,"column":0},"end":{"line":1,"column":43}},"2":{"start":{"line":4,"column":0},"end":{"line":4,"column":30}},"3":{"start":{"line":5,"column":0},"end":{"line":5,"column":33}},"4":{"start":{"line":6,"column":0},"end":{"line":6,"column":31}},"5":{"start":{"line":9,"column":0},"end":{"line":9,"column":70}},"6":{"start":{"line":10,"column":0},"end":{"line":10,"column":107}},"7":{"start":{"line":13,"column":0},"end":{"line":116,"column":1}},"8":{"start":{"line":21,"column":4},"end":{"line":22,"column":5}},"9":{"start":{"line":21,"column":24},"end":{"line":21,"column":48}},"10":{"start":{"line":21,"column":58},"end":{"line":21,"column":82}},"11":{"start":{"line":27,"column":4},"end":{"line":32,"column":5}},"12":{"start":{"line":28,"column":8},"end":{"line":28,"column":129}},"13":{"start":{"line":29,"column":8},"end":{"line":30,"column":58}},"14":{"start":{"line":30,"column":41},"end":{"line":30,"column":56}},"15":{"start":{"line":31,"column":8},"end":{"line":31,"column":22}},"16":{"start":{"line":41,"column":4},"end":{"line":47,"column":5}},"17":{"start":{"line":42,"column":8},"end":{"line":42,"column":135}},"18":{"start":{"line":43,"column":8},"end":{"line":46,"column":56}},"19":{"start":{"line":46,"column":39},"end":{"line":46,"column":54}},"20":{"start":{"line":59,"column":4},"end":{"line":65,"column":5}},"21":{"start":{"line":60,"column":8},"end":{"line":60,"column":133}},"22":{"start":{"line":61,"column":8},"end":{"line":64,"column":56}},"23":{"start":{"line":64,"column":39},"end":{"line":64,"column":54}},"24":{"start":{"line":76,"column":4},"end":{"line":81,"column":5}},"25":{"start":{"line":77,"column":8},"end":{"line":77,"column":123}},"26":{"start":{"line":79,"column":8},"end":{"line":80,"column":58}},"27":{"start":{"line":80,"column":41},"end":{"line":80,"column":56}},"28":{"start":{"line":92,"column":4},"end":{"line":97,"column":5}},"29":{"start":{"line":93,"column":8},"end":{"line":93,"column":127}},"30":{"start":{"line":95,"column":8},"end":{"line":96,"column":58}},"31":{"start":{"line":96,"column":41},"end":{"line":96,"column":56}},"32":{"start":{"line":108,"column":4},"end":{"line":113,"column":5}},"33":{"start":{"line":109,"column":8},"end":{"line":109,"column":127}},"34":{"start":{"line":111,"column":8},"end":{"line":112,"column":58}},"35":{"start":{"line":112,"column":41},"end":{"line":112,"column":56}},"36":{"start":{"line":12,"column":0},"end":{"line":12,"column":13}},"37":{"start":{"line":116,"column":0},"end":{"line":116,"column":1}},"38":{"start":{"line":13,"column":13},"end":{"line":116,"column":1}}},"fnMap":{"1":{"name":"(anonymous_3)","line":13,"loc":{"start":{"line":13,"column":0},"end":{"line":null,"column":-1}}},"2":{"name":"NotificationService","line":21,"loc":{"start":{"line":21,"column":4},"end":{"line":21,"column":82}}},"3":{"name":"(anonymous_5)","line":27,"loc":{"start":{"line":27,"column":4},"end":{"line":null,"column":-1}}},"4":{"name":"(anonymous_6)","line":30,"loc":{"start":{"line":30,"column":17},"end":{"line":30,"column":36}}},"5":{"name":"(anonymous_7)","line":41,"loc":{"start":{"line":41,"column":4},"end":{"line":null,"column":-1}}},"6":{"name":"(anonymous_8)","line":46,"loc":{"start":{"line":46,"column":15},"end":{"line":46,"column":34}}},"7":{"name":"(anonymous_9)","line":59,"loc":{"start":{"line":59,"column":4},"end":{"line":59,"column":68}}},"8":{"name":"(anonymous_10)","line":64,"loc":{"start":{"line":64,"column":15},"end":{"line":64,"column":34}}},"9":{"name":"(anonymous_11)","line":76,"loc":{"start":{"line":76,"column":4},"end":{"line":76,"column":36}}},"10":{"name":"(anonymous_12)","line":80,"loc":{"start":{"line":80,"column":17},"end":{"line":80,"column":36}}},"11":{"name":"(anonymous_13)","line":92,"loc":{"start":{"line":92,"column":4},"end":{"line":92,"column":38}}},"12":{"name":"(anonymous_14)","line":96,"loc":{"start":{"line":96,"column":17},"end":{"line":96,"column":36}}},"13":{"name":"(anonymous_15)","line":108,"loc":{"start":{"line":108,"column":4},"end":{"line":108,"column":44}}},"14":{"name":"(anonymous_16)","line":112,"loc":{"start":{"line":112,"column":17},"end":{"line":112,"column":36}}}},"branchMap":{},"s":{"1":1,"2":1,"3":1,"4":1,"5":1,"6":1,"7":1,"8":1,"9":0,"10":0,"11":1,"12":0,"13":0,"14":0,"15":0,"16":1,"17":0,"18":0,"19":0,"20":1,"21":0,"22":0,"23":0,"24":1,"25":0,"26":0,"27":0,"28":1,"29":0,"30":0,"31":0,"32":1,"33":0,"34":0,"35":0,"36":1,"37":1,"38":1},"b":{},"f":{"1":1,"2":0,"3":0,"4":0,"5":0,"6":0,"7":0,"8":0,"9":0,"10":0,"11":0,"12":0,"13":0,"14":0},"l":{"1":1,"4":1,"5":1,"6":1,"9":1,"10":1,"12":1,"13":1,"21":1,"27":1,"28":0,"29":0,"30":0,"31":0,"41":1,"42":0,"43":0,"46":0,"59":1,"60":0,"61":0,"64":0,"76":1,"77":0,"79":0,"80":0,"92":1,"93":0,"95":0,"96":0,"108":1,"109":0,"111":0,"112":0,"116":1}},
"src\\client\\app\\core\\global-configuration\\settings.ts":{"path":"src\\client\\app\\core\\global-configuration\\settings.ts","statementMap":{"1":{"start":{"line":7,"column":0},"end":{"line":51,"column":1}},"2":{"start":{"line":51,"column":0},"end":{"line":51,"column":1}},"3":{"start":{"line":7,"column":13},"end":{"line":51,"column":1}},"4":{"start":{"line":61,"column":0},"end":{"line":68,"column":1}},"5":{"start":{"line":68,"column":0},"end":{"line":68,"column":1}},"6":{"start":{"line":61,"column":13},"end":{"line":68,"column":1}},"7":{"start":{"line":76,"column":0},"end":{"line":81,"column":1}},"8":{"start":{"line":81,"column":0},"end":{"line":81,"column":1}},"9":{"start":{"line":76,"column":13},"end":{"line":81,"column":1}},"10":{"start":{"line":88,"column":0},"end":{"line":90,"column":1}},"11":{"start":{"line":90,"column":0},"end":{"line":90,"column":1}},"12":{"start":{"line":88,"column":13},"end":{"line":90,"column":1}}},"fnMap":{"1":{"name":"(anonymous_1)","line":7,"loc":{"start":{"line":7,"column":0},"end":{"line":null,"column":-1}}},"2":{"name":"(anonymous_3)","line":61,"loc":{"start":{"line":61,"column":0},"end":{"line":null,"column":-1}}},"3":{"name":"(anonymous_5)","line":76,"loc":{"start":{"line":76,"column":0},"end":{"line":null,"column":-1}}},"4":{"name":"(anonymous_7)","line":88,"loc":{"start":{"line":88,"column":0},"end":{"line":null,"column":-1}}}},"branchMap":{},"s":{"1":2,"2":1,"3":1,"4":2,"5":1,"6":1,"7":2,"8":1,"9":1,"10":2,"11":1,"12":1},"b":{},"f":{"1":1,"2":1,"3":1,"4":1},"l":{"7":2,"51":1,"61":2,"68":1,"76":2,"81":1,"88":2,"90":1}},
"src\\client\\sl-ui-framework\\infrastructure\\http-client\\http-client.service.ts":{"path":"src\\client\\sl-ui-framework\\infrastructure\\http-client\\http-client.service.ts","statementMap":{"1":{"start":{"line":1,"column":0},"end":{"line":1,"column":43}},"2":{"start":{"line":2,"column":0},"end":{"line":2,"column":77}},"3":{"start":{"line":3,"column":0},"end":{"line":3,"column":45}},"4":{"start":{"line":5,"column":0},"end":{"line":5,"column":76}},"5":{"start":{"line":6,"column":0},"end":{"line":6,"column":80}},"6":{"start":{"line":7,"column":0},"end":{"line":7,"column":68}},"7":{"start":{"line":8,"column":0},"end":{"line":8,"column":64}},"8":{"start":{"line":9,"column":0},"end":{"line":9,"column":57}},"9":{"start":{"line":12,"column":0},"end":{"line":208,"column":1}},"10":{"start":{"line":14,"column":4},"end":{"line":18,"column":55}},"11":{"start":{"line":14,"column":24},"end":{"line":14,"column":34}},"12":{"start":{"line":15,"column":16},"end":{"line":15,"column":54}},"13":{"start":{"line":16,"column":16},"end":{"line":16,"column":40}},"14":{"start":{"line":17,"column":16},"end":{"line":17,"column":50}},"15":{"start":{"line":18,"column":16},"end":{"line":18,"column":50}},"16":{"start":{"line":20,"column":12},"end":{"line":33,"column":5}},"17":{"start":{"line":21,"column":8},"end":{"line":32,"column":9}},"18":{"start":{"line":22,"column":12},"end":{"line":22,"column":77}},"19":{"start":{"line":23,"column":12},"end":{"line":23,"column":78}},"20":{"start":{"line":24,"column":12},"end":{"line":24,"column":95}},"21":{"start":{"line":25,"column":12},"end":{"line":25,"column":96}},"22":{"start":{"line":26,"column":12},"end":{"line":26,"column":76}},"23":{"start":{"line":27,"column":12},"end":{"line":27,"column":48}},"24":{"start":{"line":28,"column":12},"end":{"line":28,"column":49}},"25":{"start":{"line":29,"column":12},"end":{"line":29,"column":66}},"26":{"start":{"line":30,"column":12},"end":{"line":30,"column":85}},"27":{"start":{"line":31,"column":12},"end":{"line":31,"column":48}},"28":{"start":{"line":38,"column":4},"end":{"line":66,"column":5}},"29":{"start":{"line":39,"column":8},"end":{"line":39,"column":36}},"30":{"start":{"line":40,"column":8},"end":{"line":45,"column":9}},"31":{"start":{"line":41,"column":12},"end":{"line":41,"column":63}},"32":{"start":{"line":43,"column":12},"end":{"line":43,"column":56}},"33":{"start":{"line":46,"column":8},"end":{"line":48,"column":9}},"34":{"start":{"line":47,"column":12},"end":{"line":47,"column":43}},"35":{"start":{"line":51,"column":8},"end":{"line":51,"column":42}},"36":{"start":{"line":53,"column":8},"end":{"line":56,"column":11}},"37":{"start":{"line":59,"column":8},"end":{"line":65,"column":11}},"38":{"start":{"line":60,"column":12},"end":{"line":60,"column":46}},"39":{"start":{"line":61,"column":12},"end":{"line":61,"column":28}},"40":{"start":{"line":63,"column":12},"end":{"line":63,"column":46}},"41":{"start":{"line":64,"column":12},"end":{"line":64,"column":122}},"42":{"start":{"line":71,"column":4},"end":{"line":86,"column":5}},"43":{"start":{"line":72,"column":8},"end":{"line":72,"column":36}},"44":{"start":{"line":73,"column":8},"end":{"line":73,"column":39}},"45":{"start":{"line":74,"column":8},"end":{"line":74,"column":42}},"46":{"start":{"line":76,"column":8},"end":{"line":78,"column":11}},"47":{"start":{"line":79,"column":8},"end":{"line":85,"column":11}},"48":{"start":{"line":80,"column":12},"end":{"line":80,"column":46}},"49":{"start":{"line":81,"column":12},"end":{"line":81,"column":28}},"50":{"start":{"line":83,"column":12},"end":{"line":83,"column":46}},"51":{"start":{"line":84,"column":12},"end":{"line":84,"column":77}},"52":{"start":{"line":97,"column":4},"end":{"line":116,"column":5}},"53":{"start":{"line":98,"column":8},"end":{"line":98,"column":29}},"54":{"start":{"line":99,"column":8},"end":{"line":99,"column":32}},"55":{"start":{"line":100,"column":8},"end":{"line":100,"column":53}},"56":{"start":{"line":101,"column":8},"end":{"line":101,"column":72}},"57":{"start":{"line":102,"column":8},"end":{"line":102,"column":44}},"58":{"start":{"line":103,"column":8},"end":{"line":103,"column":76}},"59":{"start":{"line":104,"column":8},"end":{"line":104,"column":62}},"60":{"start":{"line":105,"column":8},"end":{"line":105,"column":81}},"61":{"start":{"line":106,"column":8},"end":{"line":106,"column":44}},"62":{"start":{"line":107,"column":8},"end":{"line":107,"column":42}},"63":{"start":{"line":108,"column":8},"end":{"line":108,"column":70}},"64":{"start":{"line":109,"column":8},"end":{"line":115,"column":11}},"65":{"start":{"line":110,"column":12},"end":{"line":110,"column":46}},"66":{"start":{"line":111,"column":12},"end":{"line":111,"column":28}},"67":{"start":{"line":113,"column":12},"end":{"line":113,"column":46}},"68":{"start":{"line":114,"column":12},"end":{"line":114,"column":39}},"69":{"start":{"line":126,"column":4},"end":{"line":148,"column":5}},"70":{"start":{"line":127,"column":8},"end":{"line":127,"column":36}},"71":{"start":{"line":128,"column":8},"end":{"line":128,"column":53}},"72":{"start":{"line":129,"column":8},"end":{"line":129,"column":53}},"73":{"start":{"line":130,"column":8},"end":{"line":130,"column":91}},"74":{"start":{"line":131,"column":8},"end":{"line":131,"column":59}},"75":{"start":{"line":132,"column":8},"end":{"line":132,"column":62}},"76":{"start":{"line":135,"column":8},"end":{"line":135,"column":42}},"77":{"start":{"line":137,"column":8},"end":{"line":139,"column":11}},"78":{"start":{"line":141,"column":8},"end":{"line":147,"column":11}},"79":{"start":{"line":142,"column":12},"end":{"line":142,"column":46}},"80":{"start":{"line":143,"column":12},"end":{"line":143,"column":28}},"81":{"start":{"line":145,"column":12},"end":{"line":145,"column":46}},"82":{"start":{"line":146,"column":12},"end":{"line":146,"column":39}},"83":{"start":{"line":159,"column":12},"end":{"line":170,"column":5}},"84":{"start":{"line":160,"column":8},"end":{"line":160,"column":27}},"85":{"start":{"line":161,"column":8},"end":{"line":167,"column":9}},"86":{"start":{"line":162,"column":12},"end":{"line":162,"column":42}},"87":{"start":{"line":163,"column":12},"end":{"line":163,"column":57}},"88":{"start":{"line":164,"column":12},"end":{"line":164,"column":74}},"89":{"start":{"line":166,"column":12},"end":{"line":166,"column":70}},"90":{"start":{"line":168,"column":8},"end":{"line":168,"column":46}},"91":{"start":{"line":172,"column":4},"end":{"line":207,"column":5}},"92":{"start":{"line":183,"column":8},"end":{"line":183,"column":54}},"93":{"start":{"line":187,"column":8},"end":{"line":206,"column":9}},"94":{"start":{"line":191,"column":12},"end":{"line":191,"column":61}},"95":{"start":{"line":195,"column":12},"end":{"line":195,"column":132}},"96":{"start":{"line":201,"column":12},"end":{"line":201,"column":62}},"97":{"start":{"line":205,"column":12},"end":{"line":205,"column":86}},"98":{"start":{"line":11,"column":0},"end":{"line":11,"column":13}},"99":{"start":{"line":208,"column":0},"end":{"line":208,"column":1}},"100":{"start":{"line":12,"column":13},"end":{"line":208,"column":1}}},"fnMap":{"1":{"name":"(anonymous_3)","line":12,"loc":{"start":{"line":12,"column":0},"end":{"line":null,"column":-1}}},"2":{"name":"StearnsHttpClient","line":14,"loc":{"start":{"line":14,"column":4},"end":{"line":18,"column":50}}},"3":{"name":"(anonymous_5)","line":20,"loc":{"start":{"line":20,"column":4},"end":{"line":20,"column":45}}},"4":{"name":"(anonymous_6)","line":38,"loc":{"start":{"line":38,"column":4},"end":{"line":38,"column":106}}},"5":{"name":"(anonymous_7)","line":59,"loc":{"start":{"line":59,"column":27},"end":{"line":59,"column":35}}},"6":{"name":"(anonymous_8)","line":62,"loc":{"start":{"line":62,"column":17},"end":{"line":62,"column":18}}},"7":{"name":"(anonymous_9)","line":71,"loc":{"start":{"line":71,"column":4},"end":{"line":71,"column":31}}},"8":{"name":"(anonymous_10)","line":79,"loc":{"start":{"line":79,"column":27},"end":{"line":79,"column":35}}},"9":{"name":"(anonymous_11)","line":82,"loc":{"start":{"line":82,"column":17},"end":{"line":82,"column":18}}},"10":{"name":"(anonymous_12)","line":97,"loc":{"start":{"line":97,"column":4},"end":{"line":97,"column":32}}},"11":{"name":"(anonymous_13)","line":109,"loc":{"start":{"line":109,"column":27},"end":{"line":109,"column":35}}},"12":{"name":"(anonymous_14)","line":112,"loc":{"start":{"line":112,"column":17},"end":{"line":112,"column":18}}},"13":{"name":"(anonymous_15)","line":126,"loc":{"start":{"line":126,"column":4},"end":{"line":126,"column":31}}},"14":{"name":"(anonymous_16)","line":141,"loc":{"start":{"line":141,"column":27},"end":{"line":141,"column":35}}},"15":{"name":"(anonymous_17)","line":144,"loc":{"start":{"line":144,"column":17},"end":{"line":144,"column":18}}},"16":{"name":"(anonymous_18)","line":159,"loc":{"start":{"line":159,"column":4},"end":{"line":159,"column":45}}},"17":{"name":"(anonymous_19)","line":172,"loc":{"start":{"line":172,"column":4},"end":{"line":178,"column":35}}}},"branchMap":{"1":{"line":21,"type":"if","locations":[{"start":{"line":21,"column":8},"end":{"line":21,"column":7}},{"start":{"line":21,"column":8},"end":{"line":21,"column":7}}]},"2":{"line":40,"type":"if","locations":[{"start":{"line":40,"column":8},"end":{"line":40,"column":7}},{"start":{"line":40,"column":8},"end":{"line":40,"column":7}}]},"3":{"line":40,"type":"binary-expr","locations":[{"start":{"line":40,"column":12},"end":{"line":40,"column":24}},{"start":{"line":40,"column":28},"end":{"line":40,"column":46}}]},"4":{"line":46,"type":"if","locations":[{"start":{"line":46,"column":8},"end":{"line":46,"column":7}},{"start":{"line":46,"column":8},"end":{"line":46,"column":7}}]},"5":{"line":161,"type":"if","locations":[{"start":{"line":161,"column":8},"end":{"line":161,"column":7}},{"start":{"line":161,"column":8},"end":{"line":161,"column":7}}]},"6":{"line":162,"type":"binary-expr","locations":[{"start":{"line":162,"column":23},"end":{"line":162,"column":35}},{"start":{"line":162,"column":39},"end":{"line":162,"column":41}}]},"7":{"line":163,"type":"binary-expr","locations":[{"start":{"line":163,"column":22},"end":{"line":163,"column":32}},{"start":{"line":163,"column":36},"end":{"line":163,"column":56}}]},"8":{"line":164,"type":"binary-expr","locations":[{"start":{"line":164,"column":42},"end":{"line":164,"column":58}},{"start":{"line":164,"column":62},"end":{"line":164,"column":64}}]},"9":{"line":166,"type":"cond-expr","locations":[{"start":{"line":166,"column":37},"end":{"line":166,"column":50}},{"start":{"line":166,"column":53},"end":{"line":166,"column":69}}]},"10":{"line":187,"type":"if","locations":[{"start":{"line":187,"column":8},"end":{"line":187,"column":7}},{"start":{"line":187,"column":8},"end":{"line":187,"column":7}}]}},"s":{"1":1,"2":1,"3":1,"4":1,"5":1,"6":1,"7":1,"8":1,"9":1,"10":1,"11":0,"12":0,"13":0,"14":0,"15":0,"16":1,"17":0,"18":0,"19":0,"20":0,"21":0,"22":0,"23":0,"24":0,"25":0,"26":0,"27":0,"28":1,"29":0,"30":0,"31":0,"32":0,"33":0,"34":0,"35":0,"36":0,"37":0,"38":0,"39":0,"40":0,"41":0,"42":1,"43":0,"44":0,"45":0,"46":0,"47":0,"48":0,"49":0,"50":0,"51":0,"52":1,"53":0,"54":0,"55":0,"56":0,"57":0,"58":0,"59":0,"60":0,"61":0,"62":0,"63":0,"64":0,"65":0,"66":0,"67":0,"68":0,"69":1,"70":0,"71":0,"72":0,"73":0,"74":0,"75":0,"76":0,"77":0,"78":0,"79":0,"80":0,"81":0,"82":0,"83":1,"84":0,"85":0,"86":0,"87":0,"88":0,"89":0,"90":0,"91":1,"92":0,"93":0,"94":0,"95":0,"96":0,"97":0,"98":1,"99":1,"100":1},"b":{"1":[0,0],"2":[0,0],"3":[0,0],"4":[0,0],"5":[0,0],"6":[0,0],"7":[0,0],"8":[0,0],"9":[0,0],"10":[0,0]},"f":{"1":1,"2":0,"3":0,"4":0,"5":0,"6":0,"7":0,"8":0,"9":0,"10":0,"11":0,"12":0,"13":0,"14":0,"15":0,"16":0,"17":0},"l":{"1":1,"2":1,"3":1,"5":1,"6":1,"7":1,"8":1,"9":1,"11":1,"12":1,"14":1,"15":0,"16":0,"17":0,"18":0,"20":1,"21":0,"22":0,"23":0,"24":0,"25":0,"26":0,"27":0,"28":0,"29":0,"30":0,"31":0,"38":1,"39":0,"40":0,"41":0,"43":0,"46":0,"47":0,"51":0,"53":0,"59":0,"60":0,"61":0,"63":0,"64":0,"71":1,"72":0,"73":0,"74":0,"76":0,"79":0,"80":0,"81":0,"83":0,"84":0,"97":1,"98":0,"99":0,"100":0,"101":0,"102":0,"103":0,"104":0,"105":0,"106":0,"107":0,"108":0,"109":0,"110":0,"111":0,"113":0,"114":0,"126":1,"127":0,"128":0,"129":0,"130":0,"131":0,"132":0,"135":0,"137":0,"141":0,"142":0,"143":0,"145":0,"146":0,"159":1,"160":0,"161":0,"162":0,"163":0,"164":0,"166":0,"168":0,"172":1,"183":0,"187":0,"191":0,"195":0,"201":0,"205":0,"208":1}},
"src\\client\\sl-ui-framework\\infrastructure\\progress-bar\\progress-bar.service.ts":{"path":"src\\client\\sl-ui-framework\\infrastructure\\progress-bar\\progress-bar.service.ts","statementMap":{"1":{"start":{"line":1,"column":0},"end":{"line":1,"column":43}},"2":{"start":{"line":2,"column":0},"end":{"line":2,"column":39}},"3":{"start":{"line":9,"column":0},"end":{"line":24,"column":1}},"4":{"start":{"line":10,"column":12},"end":{"line":10,"column":43}},"5":{"start":{"line":11,"column":12},"end":{"line":11,"column":42}},"6":{"start":{"line":13,"column":4},"end":{"line":17,"column":5}},"7":{"start":{"line":14,"column":8},"end":{"line":14,"column":37}},"8":{"start":{"line":15,"column":8},"end":{"line":15,"column":74}},"9":{"start":{"line":16,"column":8},"end":{"line":16,"column":32}},"10":{"start":{"line":19,"column":4},"end":{"line":23,"column":5}},"11":{"start":{"line":20,"column":8},"end":{"line":20,"column":36}},"12":{"start":{"line":21,"column":8},"end":{"line":21,"column":74}},"13":{"start":{"line":22,"column":8},"end":{"line":22,"column":32}},"14":{"start":{"line":8,"column":0},"end":{"line":8,"column":13}},"15":{"start":{"line":24,"column":0},"end":{"line":24,"column":1}},"16":{"start":{"line":9,"column":13},"end":{"line":24,"column":1}}},"fnMap":{"1":{"name":"(anonymous_3)","line":9,"loc":{"start":{"line":9,"column":0},"end":{"line":null,"column":-1}}},"2":{"name":"(anonymous_5)","line":13,"loc":{"start":{"line":13,"column":4},"end":{"line":null,"column":-1}}},"3":{"name":"(anonymous_6)","line":19,"loc":{"start":{"line":19,"column":4},"end":{"line":null,"column":-1}}}},"branchMap":{},"s":{"1":1,"2":1,"3":2,"4":0,"5":0,"6":1,"7":0,"8":0,"9":0,"10":1,"11":0,"12":0,"13":0,"14":1,"15":1,"16":1},"b":{},"f":{"1":1,"2":0,"3":0},"l":{"1":1,"2":1,"8":1,"9":2,"10":0,"11":0,"13":1,"14":0,"15":0,"16":0,"19":1,"20":0,"21":0,"22":0,"24":1}},
"src\\client\\sl-ui-framework\\infrastructure\\data-store\\data-store.service.ts":{"path":"src\\client\\sl-ui-framework\\infrastructure\\data-store\\data-store.service.ts","statementMap":{"1":{"start":{"line":1,"column":0},"end":{"line":1,"column":43}},"2":{"start":{"line":2,"column":0},"end":{"line":2,"column":55}},"3":{"start":{"line":4,"column":0},"end":{"line":138,"column":1}},"4":{"start":{"line":13,"column":4},"end":{"line":23,"column":5}},"5":{"start":{"line":14,"column":8},"end":{"line":14,"column":91}},"6":{"start":{"line":15,"column":8},"end":{"line":22,"column":9}},"7":{"start":{"line":16,"column":12},"end":{"line":16,"column":37}},"8":{"start":{"line":19,"column":12},"end":{"line":19,"column":47}},"9":{"start":{"line":20,"column":12},"end":{"line":20,"column":71}},"10":{"start":{"line":21,"column":12},"end":{"line":21,"column":28}},"11":{"start":{"line":33,"column":4},"end":{"line":39,"column":5}},"12":{"start":{"line":34,"column":8},"end":{"line":34,"column":96}},"13":{"start":{"line":35,"column":8},"end":{"line":37,"column":9}},"14":{"start":{"line":36,"column":12},"end":{"line":36,"column":45}},"15":{"start":{"line":38,"column":8},"end":{"line":38,"column":20}},"16":{"start":{"line":48,"column":4},"end":{"line":54,"column":5}},"17":{"start":{"line":49,"column":8},"end":{"line":49,"column":96}},"18":{"start":{"line":50,"column":8},"end":{"line":52,"column":9}},"19":{"start":{"line":51,"column":12},"end":{"line":51,"column":51}},"20":{"start":{"line":53,"column":8},"end":{"line":53,"column":20}},"21":{"start":{"line":63,"column":4},"end":{"line":65,"column":5}},"22":{"start":{"line":64,"column":8},"end":{"line":64,"column":66}},"23":{"start":{"line":75,"column":12},"end":{"line":79,"column":5}},"24":{"start":{"line":76,"column":8},"end":{"line":78,"column":26}},"25":{"start":{"line":89,"column":12},"end":{"line":92,"column":5}},"26":{"start":{"line":90,"column":8},"end":{"line":91,"column":108}},"27":{"start":{"line":101,"column":4},"end":{"line":116,"column":5}},"28":{"start":{"line":102,"column":8},"end":{"line":102,"column":96}},"29":{"start":{"line":103,"column":8},"end":{"line":114,"column":9}},"30":{"start":{"line":104,"column":12},"end":{"line":113,"column":14}},"31":{"start":{"line":115,"column":8},"end":{"line":115,"column":20}},"32":{"start":{"line":118,"column":4},"end":{"line":125,"column":5}},"33":{"start":{"line":119,"column":8},"end":{"line":119,"column":96}},"34":{"start":{"line":120,"column":8},"end":{"line":124,"column":9}},"35":{"start":{"line":121,"column":12},"end":{"line":121,"column":61}},"36":{"start":{"line":122,"column":12},"end":{"line":122,"column":45}},"37":{"start":{"line":123,"column":12},"end":{"line":123,"column":69}},"38":{"start":{"line":127,"column":4},"end":{"line":133,"column":5}},"39":{"start":{"line":128,"column":8},"end":{"line":128,"column":96}},"40":{"start":{"line":129,"column":8},"end":{"line":131,"column":9}},"41":{"start":{"line":130,"column":12},"end":{"line":130,"column":52}},"42":{"start":{"line":132,"column":8},"end":{"line":132,"column":20}},"43":{"start":{"line":135,"column":4},"end":{"line":137,"column":5}},"44":{"start":{"line":136,"column":8},"end":{"line":136,"column":62}},"45":{"start":{"line":3,"column":0},"end":{"line":3,"column":13}},"46":{"start":{"line":138,"column":0},"end":{"line":138,"column":1}},"47":{"start":{"line":4,"column":13},"end":{"line":138,"column":1}}},"fnMap":{"1":{"name":"(anonymous_3)","line":4,"loc":{"start":{"line":4,"column":0},"end":{"line":null,"column":-1}}},"2":{"name":"(anonymous_5)","line":13,"loc":{"start":{"line":13,"column":4},"end":{"line":null,"column":-1}}},"3":{"name":"(anonymous_6)","line":33,"loc":{"start":{"line":33,"column":4},"end":{"line":null,"column":-1}}},"4":{"name":"(anonymous_7)","line":48,"loc":{"start":{"line":48,"column":4},"end":{"line":null,"column":-1}}},"5":{"name":"(anonymous_8)","line":63,"loc":{"start":{"line":63,"column":4},"end":{"line":null,"column":-1}}},"6":{"name":"(anonymous_9)","line":75,"loc":{"start":{"line":75,"column":4},"end":{"line":null,"column":-1}}},"7":{"name":"(anonymous_10)","line":89,"loc":{"start":{"line":89,"column":4},"end":{"line":null,"column":-1}}},"8":{"name":"(anonymous_11)","line":101,"loc":{"start":{"line":101,"column":4},"end":{"line":null,"column":-1}}},"9":{"name":"(anonymous_12)","line":118,"loc":{"start":{"line":118,"column":4},"end":{"line":118,"column":39}}},"10":{"name":"(anonymous_13)","line":127,"loc":{"start":{"line":127,"column":4},"end":{"line":null,"column":-1}}},"11":{"name":"(anonymous_14)","line":135,"loc":{"start":{"line":135,"column":4},"end":{"line":null,"column":-1}}}},"branchMap":{"1":{"line":15,"type":"if","locations":[{"start":{"line":15,"column":8},"end":{"line":15,"column":7}},{"start":{"line":15,"column":8},"end":{"line":15,"column":7}}]},"2":{"line":15,"type":"binary-expr","locations":[{"start":{"line":15,"column":12},"end":{"line":15,"column":29}},{"start":{"line":15,"column":33},"end":{"line":15,"column":59}}]},"3":{"line":35,"type":"if","locations":[{"start":{"line":35,"column":8},"end":{"line":35,"column":7}},{"start":{"line":35,"column":8},"end":{"line":35,"column":7}}]},"4":{"line":35,"type":"binary-expr","locations":[{"start":{"line":35,"column":12},"end":{"line":35,"column":30}},{"start":{"line":35,"column":34},"end":{"line":35,"column":61}}]},"5":{"line":50,"type":"if","locations":[{"start":{"line":50,"column":8},"end":{"line":50,"column":7}},{"start":{"line":50,"column":8},"end":{"line":50,"column":7}}]},"6":{"line":50,"type":"binary-expr","locations":[{"start":{"line":50,"column":12},"end":{"line":50,"column":30}},{"start":{"line":50,"column":34},"end":{"line":50,"column":61}}]},"7":{"line":103,"type":"if","locations":[{"start":{"line":103,"column":8},"end":{"line":103,"column":7}},{"start":{"line":103,"column":8},"end":{"line":103,"column":7}}]},"8":{"line":103,"type":"binary-expr","locations":[{"start":{"line":103,"column":12},"end":{"line":103,"column":30}},{"start":{"line":103,"column":34},"end":{"line":103,"column":61}}]},"9":{"line":120,"type":"if","locations":[{"start":{"line":120,"column":8},"end":{"line":120,"column":7}},{"start":{"line":120,"column":8},"end":{"line":120,"column":7}}]},"10":{"line":120,"type":"binary-expr","locations":[{"start":{"line":120,"column":12},"end":{"line":120,"column":30}},{"start":{"line":120,"column":34},"end":{"line":120,"column":61}}]},"11":{"line":129,"type":"if","locations":[{"start":{"line":129,"column":8},"end":{"line":129,"column":7}},{"start":{"line":129,"column":8},"end":{"line":129,"column":7}}]},"12":{"line":129,"type":"binary-expr","locations":[{"start":{"line":129,"column":12},"end":{"line":129,"column":30}},{"start":{"line":129,"column":34},"end":{"line":129,"column":61}}]}},"s":{"1":1,"2":1,"3":2,"4":1,"5":0,"6":0,"7":0,"8":0,"9":0,"10":0,"11":1,"12":0,"13":0,"14":0,"15":0,"16":1,"17":0,"18":0,"19":0,"20":0,"21":1,"22":0,"23":1,"24":0,"25":1,"26":0,"27":1,"28":0,"29":0,"30":0,"31":0,"32":1,"33":0,"34":0,"35":0,"36":0,"37":0,"38":1,"39":0,"40":0,"41":0,"42":0,"43":1,"44":0,"45":1,"46":1,"47":1},"b":{"1":[0,0],"2":[0,0],"3":[0,0],"4":[0,0],"5":[0,0],"6":[0,0],"7":[0,0],"8":[0,0],"9":[0,0],"10":[0,0],"11":[0,0],"12":[0,0]},"f":{"1":1,"2":0,"3":0,"4":0,"5":0,"6":0,"7":0,"8":0,"9":0,"10":0,"11":0},"l":{"1":1,"2":1,"3":1,"4":2,"13":1,"14":0,"15":0,"16":0,"19":0,"20":0,"21":0,"33":1,"34":0,"35":0,"36":0,"38":0,"48":1,"49":0,"50":0,"51":0,"53":0,"63":1,"64":0,"75":1,"76":0,"89":1,"90":0,"101":1,"102":0,"103":0,"104":0,"115":0,"118":1,"119":0,"120":0,"121":0,"122":0,"123":0,"127":1,"128":0,"129":0,"130":0,"132":0,"135":1,"136":0,"138":1}},
"src\\client\\sl-ui-framework\\infrastructure\\data-store\\data-store.resource.ts":{"path":"src\\client\\sl-ui-framework\\infrastructure\\data-store\\data-store.resource.ts","statementMap":{"1":{"start":{"line":1,"column":13},"end":{"line":5,"column":2}}},"fnMap":{},"branchMap":{},"s":{"1":1},"b":{},"f":{},"l":{"1":1}},
"src\\client\\sl-ui-framework\\infrastructure\\http-client\\http-error-handler.service.ts":{"path":"src\\client\\sl-ui-framework\\infrastructure\\http-client\\http-error-handler.service.ts","statementMap":{"1":{"start":{"line":1,"column":0},"end":{"line":1,"column":43}},"2":{"start":{"line":2,"column":0},"end":{"line":2,"column":41}},"3":{"start":{"line":3,"column":0},"end":{"line":3,"column":79}},"4":{"start":{"line":5,"column":0},"end":{"line":5,"column":45}},"5":{"start":{"line":8,"column":0},"end":{"line":8,"column":68}},"6":{"start":{"line":10,"column":0},"end":{"line":10,"column":80}},"7":{"start":{"line":11,"column":0},"end":{"line":11,"column":69}},"8":{"start":{"line":14,"column":0},"end":{"line":123,"column":1}},"9":{"start":{"line":38,"column":4},"end":{"line":42,"column":5}},"10":{"start":{"line":38,"column":24},"end":{"line":38,"column":48}},"11":{"start":{"line":39,"column":16},"end":{"line":39,"column":50}},"12":{"start":{"line":40,"column":16},"end":{"line":40,"column":30}},"13":{"start":{"line":41,"column":8},"end":{"line":41,"column":37}},"14":{"start":{"line":20,"column":4},"end":{"line":22,"column":5}},"15":{"start":{"line":24,"column":8},"end":{"line":24,"column":35}},"16":{"start":{"line":21,"column":8},"end":{"line":21,"column":36}},"17":{"start":{"line":31,"column":4},"end":{"line":33,"column":5}},"18":{"start":{"line":35,"column":8},"end":{"line":35,"column":36}},"19":{"start":{"line":32,"column":8},"end":{"line":32,"column":37}},"20":{"start":{"line":58,"column":4},"end":{"line":97,"column":5}},"21":{"start":{"line":66,"column":8},"end":{"line":96,"column":9}},"22":{"start":{"line":68,"column":12},"end":{"line":95,"column":13}},"23":{"start":{"line":70,"column":16},"end":{"line":70,"column":114}},"24":{"start":{"line":72,"column":16},"end":{"line":72,"column":60}},"25":{"start":{"line":73,"column":16},"end":{"line":73,"column":70}},"26":{"start":{"line":74,"column":16},"end":{"line":74,"column":97}},"27":{"start":{"line":76,"column":16},"end":{"line":92,"column":23}},"28":{"start":{"line":79,"column":24},"end":{"line":79,"column":65}},"29":{"start":{"line":81,"column":24},"end":{"line":81,"column":71}},"30":{"start":{"line":83,"column":24},"end":{"line":87,"column":25}},"31":{"start":{"line":84,"column":28},"end":{"line":84,"column":67}},"32":{"start":{"line":86,"column":28},"end":{"line":86,"column":107}},"33":{"start":{"line":90,"column":24},"end":{"line":90,"column":38}},"34":{"start":{"line":91,"column":24},"end":{"line":91,"column":62}},"35":{"start":{"line":94,"column":16},"end":{"line":94,"column":54}},"36":{"start":{"line":105,"column":4},"end":{"line":122,"column":5}},"37":{"start":{"line":106,"column":8},"end":{"line":106,"column":27}},"38":{"start":{"line":107,"column":8},"end":{"line":107,"column":107}},"39":{"start":{"line":108,"column":8},"end":{"line":108,"column":69}},"40":{"start":{"line":109,"column":8},"end":{"line":109,"column":95}},"41":{"start":{"line":111,"column":8},"end":{"line":121,"column":16}},"42":{"start":{"line":113,"column":16},"end":{"line":116,"column":17}},"43":{"start":{"line":114,"column":20},"end":{"line":114,"column":62}},"44":{"start":{"line":115,"column":20},"end":{"line":115,"column":53}},"45":{"start":{"line":119,"column":16},"end":{"line":119,"column":58}},"46":{"start":{"line":120,"column":16},"end":{"line":120,"column":49}},"47":{"start":{"line":13,"column":0},"end":{"line":13,"column":13}},"48":{"start":{"line":123,"column":0},"end":{"line":123,"column":1}},"49":{"start":{"line":14,"column":13},"end":{"line":123,"column":1}}},"fnMap":{"1":{"name":"(anonymous_3)","line":14,"loc":{"start":{"line":14,"column":0},"end":{"line":null,"column":-1}}},"2":{"name":"HttpErrorHandler","line":38,"loc":{"start":{"line":38,"column":4},"end":{"line":40,"column":30}}},"3":{"name":"(anonymous_5)","line":23,"loc":{"start":{"line":23,"column":4},"end":{"line":null,"column":-1}}},"4":{"name":"(anonymous_6)","line":20,"loc":{"start":{"line":20,"column":4},"end":{"line":20,"column":49}}},"5":{"name":"(anonymous_7)","line":34,"loc":{"start":{"line":34,"column":4},"end":{"line":null,"column":-1}}},"6":{"name":"(anonymous_8)","line":31,"loc":{"start":{"line":31,"column":4},"end":{"line":31,"column":34}}},"7":{"name":"(anonymous_9)","line":58,"loc":{"start":{"line":58,"column":4},"end":{"line":64,"column":35}}},"8":{"name":"(anonymous_10)","line":77,"loc":{"start":{"line":77,"column":25},"end":{"line":77,"column":44}}},"9":{"name":"(anonymous_11)","line":88,"loc":{"start":{"line":88,"column":29},"end":{"line":88,"column":32}}},"10":{"name":"(anonymous_12)","line":105,"loc":{"start":{"line":105,"column":4},"end":{"line":null,"column":-1}}},"11":{"name":"(anonymous_13)","line":112,"loc":{"start":{"line":112,"column":23},"end":{"line":112,"column":29}}},"12":{"name":"(anonymous_14)","line":118,"loc":{"start":{"line":118,"column":13},"end":{"line":118,"column":18}}}},"branchMap":{"1":{"line":66,"type":"if","locations":[{"start":{"line":66,"column":8},"end":{"line":66,"column":7}},{"start":{"line":66,"column":8},"end":{"line":66,"column":7}}]},"2":{"line":68,"type":"if","locations":[{"start":{"line":68,"column":12},"end":{"line":68,"column":11}},{"start":{"line":68,"column":12},"end":{"line":68,"column":11}}]},"3":{"line":68,"type":"binary-expr","locations":[{"start":{"line":68,"column":16},"end":{"line":68,"column":28}},{"start":{"line":68,"column":32},"end":{"line":68,"column":76}}]},"4":{"line":83,"type":"if","locations":[{"start":{"line":83,"column":24},"end":{"line":83,"column":23}},{"start":{"line":83,"column":24},"end":{"line":83,"column":23}}]},"5":{"line":109,"type":"cond-expr","locations":[{"start":{"line":109,"column":53},"end":{"line":109,"column":80}},{"start":{"line":109,"column":83},"end":{"line":109,"column":94}}]},"6":{"line":109,"type":"binary-expr","locations":[{"start":{"line":109,"column":8},"end":{"line":109,"column":28}},{"start":{"line":109,"column":32},"end":{"line":109,"column":50}}]},"7":{"line":113,"type":"if","locations":[{"start":{"line":113,"column":16},"end":{"line":113,"column":15}},{"start":{"line":113,"column":16},"end":{"line":113,"column":15}}]}},"s":{"1":1,"2":1,"3":1,"4":1,"5":1,"6":1,"7":1,"8":1,"9":1,"10":0,"11":0,"12":0,"13":0,"14":1,"15":0,"16":0,"17":1,"18":0,"19":0,"20":1,"21":0,"22":0,"23":0,"24":0,"25":0,"26":0,"27":0,"28":0,"29":0,"30":0,"31":0,"32":0,"33":0,"34":0,"35":0,"36":1,"37":0,"38":0,"39":0,"40":0,"41":0,"42":0,"43":0,"44":0,"45":0,"46":0,"47":1,"48":1,"49":1},"b":{"1":[0,0],"2":[0,0],"3":[0,0],"4":[0,0],"5":[0,0],"6":[0,0],"7":[0,0]},"f":{"1":1,"2":0,"3":0,"4":0,"5":0,"6":0,"7":0,"8":0,"9":0,"10":0,"11":0,"12":0},"l":{"1":1,"2":1,"3":1,"5":1,"8":1,"10":1,"11":1,"13":1,"14":1,"20":1,"21":0,"24":0,"31":1,"32":0,"35":0,"38":1,"39":0,"40":0,"41":0,"58":1,"66":0,"68":0,"70":0,"72":0,"73":0,"74":0,"76":0,"79":0,"81":0,"83":0,"84":0,"86":0,"90":0,"91":0,"94":0,"105":1,"106":0,"107":0,"108":0,"109":0,"111":0,"113":0,"114":0,"115":0,"119":0,"120":0,"123":1}},
"src\\client\\sl-ui-framework\\infrastructure\\http-client\\http-client.resource.ts":{"path":"src\\client\\sl-ui-framework\\infrastructure\\http-client\\http-client.resource.ts","statementMap":{"1":{"start":{"line":1,"column":0},"end":{"line":4,"column":1}},"2":{"start":{"line":2,"column":4},"end":{"line":2,"column":11}},"3":{"start":{"line":3,"column":4},"end":{"line":3,"column":12}},"4":{"start":{"line":6,"column":13},"end":{"line":8,"column":2}}},"fnMap":{"1":{"name":"(anonymous_1)","line":1,"loc":{"start":{"line":1,"column":0},"end":{"line":1,"column":27}}}},"branchMap":{"1":{"line":1,"type":"binary-expr","locations":[{"start":{"line":1,"column":12},"end":{"line":1,"column":27}},{"start":{"line":1,"column":12},"end":{"line":1,"column":27}}]}},"s":{"1":2,"2":1,"3":1,"4":1},"b":{"1":[1,1]},"f":{"1":1},"l":{"1":2,"2":1,"3":1,"6":1}},
"src\\client\\app\\shared\\dashboard.data.service.ts":{"path":"src\\client\\app\\shared\\dashboard.data.service.ts","statementMap":{"1":{"start":{"line":1,"column":0},"end":{"line":1,"column":43}},"2":{"start":{"line":11,"column":0},"end":{"line":171,"column":1}},"3":{"start":{"line":28,"column":4},"end":{"line":35,"column":5}},"4":{"start":{"line":44,"column":8},"end":{"line":44,"column":32}},"5":{"start":{"line":29,"column":8},"end":{"line":29,"column":33}},"6":{"start":{"line":30,"column":8},"end":{"line":34,"column":9}},"7":{"start":{"line":31,"column":12},"end":{"line":31,"column":43}},"8":{"start":{"line":33,"column":12},"end":{"line":33,"column":37}},"9":{"start":{"line":54,"column":4},"end":{"line":56,"column":5}},"10":{"start":{"line":55,"column":8},"end":{"line":55,"column":35}},"11":{"start":{"line":64,"column":4},"end":{"line":66,"column":5}},"12":{"start":{"line":75,"column":8},"end":{"line":75,"column":28}},"13":{"start":{"line":65,"column":8},"end":{"line":65,"column":29}},"14":{"start":{"line":84,"column":4},"end":{"line":86,"column":5}},"15":{"start":{"line":85,"column":8},"end":{"line":85,"column":32}},"16":{"start":{"line":95,"column":4},"end":{"line":97,"column":5}},"17":{"start":{"line":96,"column":8},"end":{"line":96,"column":31}},"18":{"start":{"line":105,"column":4},"end":{"line":112,"column":5}},"19":{"start":{"line":121,"column":8},"end":{"line":121,"column":30}},"20":{"start":{"line":106,"column":8},"end":{"line":106,"column":31}},"21":{"start":{"line":107,"column":8},"end":{"line":111,"column":9}},"22":{"start":{"line":108,"column":12},"end":{"line":108,"column":43}},"23":{"start":{"line":110,"column":12},"end":{"line":110,"column":37}},"24":{"start":{"line":130,"column":4},"end":{"line":138,"column":5}},"25":{"start":{"line":147,"column":8},"end":{"line":147,"column":36}},"26":{"start":{"line":131,"column":8},"end":{"line":131,"column":37}},"27":{"start":{"line":132,"column":8},"end":{"line":132,"column":27}},"28":{"start":{"line":133,"column":8},"end":{"line":137,"column":9}},"29":{"start":{"line":134,"column":12},"end":{"line":134,"column":44}},"30":{"start":{"line":136,"column":12},"end":{"line":136,"column":37}},"31":{"start":{"line":157,"column":4},"end":{"line":159,"column":5}},"32":{"start":{"line":168,"column":8},"end":{"line":168,"column":34}},"33":{"start":{"line":158,"column":8},"end":{"line":158,"column":35}},"34":{"start":{"line":10,"column":0},"end":{"line":10,"column":13}},"35":{"start":{"line":171,"column":0},"end":{"line":171,"column":1}},"36":{"start":{"line":11,"column":13},"end":{"line":171,"column":1}}},"fnMap":{"1":{"name":"(anonymous_3)","line":11,"loc":{"start":{"line":11,"column":0},"end":{"line":null,"column":-1}}},"2":{"name":"(anonymous_5)","line":43,"loc":{"start":{"line":43,"column":4},"end":{"line":null,"column":-1}}},"3":{"name":"(anonymous_6)","line":28,"loc":{"start":{"line":28,"column":4},"end":{"line":28,"column":32}}},"4":{"name":"(anonymous_7)","line":54,"loc":{"start":{"line":54,"column":4},"end":{"line":null,"column":-1}}},"5":{"name":"(anonymous_8)","line":74,"loc":{"start":{"line":74,"column":4},"end":{"line":null,"column":-1}}},"6":{"name":"(anonymous_9)","line":64,"loc":{"start":{"line":64,"column":4},"end":{"line":64,"column":28}}},"7":{"name":"(anonymous_10)","line":84,"loc":{"start":{"line":84,"column":4},"end":{"line":84,"column":31}}},"8":{"name":"(anonymous_11)","line":95,"loc":{"start":{"line":95,"column":4},"end":{"line":null,"column":-1}}},"9":{"name":"(anonymous_12)","line":120,"loc":{"start":{"line":120,"column":4},"end":{"line":null,"column":-1}}},"10":{"name":"(anonymous_13)","line":105,"loc":{"start":{"line":105,"column":4},"end":{"line":105,"column":30}}},"11":{"name":"(anonymous_14)","line":146,"loc":{"start":{"line":146,"column":4},"end":{"line":null,"column":-1}}},"12":{"name":"(anonymous_15)","line":130,"loc":{"start":{"line":130,"column":4},"end":{"line":130,"column":36}}},"13":{"name":"(anonymous_16)","line":167,"loc":{"start":{"line":167,"column":4},"end":{"line":null,"column":-1}}},"14":{"name":"(anonymous_17)","line":157,"loc":{"start":{"line":157,"column":4},"end":{"line":157,"column":32}}}},"branchMap":{"1":{"line":30,"type":"if","locations":[{"start":{"line":30,"column":8},"end":{"line":30,"column":7}},{"start":{"line":30,"column":8},"end":{"line":30,"column":7}}]},"2":{"line":107,"type":"if","locations":[{"start":{"line":107,"column":8},"end":{"line":107,"column":7}},{"start":{"line":107,"column":8},"end":{"line":107,"column":7}}]},"3":{"line":133,"type":"if","locations":[{"start":{"line":133,"column":8},"end":{"line":133,"column":7}},{"start":{"line":133,"column":8},"end":{"line":133,"column":7}}]}},"s":{"1":1,"2":2,"3":1,"4":0,"5":0,"6":0,"7":0,"8":0,"9":1,"10":0,"11":1,"12":0,"13":0,"14":1,"15":0,"16":1,"17":0,"18":1,"19":0,"20":0,"21":0,"22":0,"23":0,"24":1,"25":0,"26":0,"27":0,"28":0,"29":0,"30":0,"31":1,"32":0,"33":1,"34":1,"35":1,"36":1},"b":{"1":[0,0],"2":[0,0],"3":[0,0]},"f":{"1":2,"2":0,"3":0,"4":0,"5":0,"6":0,"7":0,"8":0,"9":0,"10":0,"11":0,"12":0,"13":0,"14":1},"l":{"1":1,"10":1,"11":2,"28":1,"29":0,"30":0,"31":0,"33":0,"44":0,"54":1,"55":0,"64":1,"65":0,"75":0,"84":1,"85":0,"95":1,"96":0,"105":1,"106":0,"107":0,"108":0,"110":0,"121":0,"130":1,"131":0,"132":0,"133":0,"134":0,"136":0,"147":0,"157":1,"158":1,"168":0,"171":1}},
"src\\client\\app\\pipeline\\pipeline.service.ts":{"path":"src\\client\\app\\pipeline\\pipeline.service.ts","statementMap":{"1":{"start":{"line":1,"column":0},"end":{"line":1,"column":43}},"2":{"start":{"line":4,"column":0},"end":{"line":4,"column":30}},"3":{"start":{"line":5,"column":0},"end":{"line":5,"column":33}},"4":{"start":{"line":6,"column":0},"end":{"line":6,"column":31}},"5":{"start":{"line":8,"column":0},"end":{"line":8,"column":70}},"6":{"start":{"line":9,"column":0},"end":{"line":9,"column":107}},"7":{"start":{"line":13,"column":0},"end":{"line":49,"column":1}},"8":{"start":{"line":23,"column":4},"end":{"line":24,"column":5}},"9":{"start":{"line":23,"column":24},"end":{"line":23,"column":48}},"10":{"start":{"line":23,"column":58},"end":{"line":23,"column":82}},"11":{"start":{"line":35,"column":4},"end":{"line":39,"column":5}},"12":{"start":{"line":36,"column":8},"end":{"line":36,"column":129}},"13":{"start":{"line":37,"column":8},"end":{"line":38,"column":58}},"14":{"start":{"line":38,"column":41},"end":{"line":38,"column":56}},"15":{"start":{"line":41,"column":4},"end":{"line":47,"column":5}},"16":{"start":{"line":42,"column":8},"end":{"line":42,"column":134}},"17":{"start":{"line":43,"column":8},"end":{"line":46,"column":56}},"18":{"start":{"line":46,"column":39},"end":{"line":46,"column":54}},"19":{"start":{"line":12,"column":0},"end":{"line":12,"column":13}},"20":{"start":{"line":49,"column":0},"end":{"line":49,"column":1}},"21":{"start":{"line":13,"column":13},"end":{"line":49,"column":1}}},"fnMap":{"1":{"name":"(anonymous_3)","line":13,"loc":{"start":{"line":13,"column":0},"end":{"line":null,"column":-1}}},"2":{"name":"PipeLineService","line":23,"loc":{"start":{"line":23,"column":4},"end":{"line":23,"column":82}}},"3":{"name":"(anonymous_5)","line":35,"loc":{"start":{"line":35,"column":4},"end":{"line":35,"column":57}}},"4":{"name":"(anonymous_6)","line":38,"loc":{"start":{"line":38,"column":17},"end":{"line":38,"column":36}}},"5":{"name":"(anonymous_7)","line":41,"loc":{"start":{"line":41,"column":4},"end":{"line":null,"column":-1}}},"6":{"name":"(anonymous_8)","line":46,"loc":{"start":{"line":46,"column":15},"end":{"line":46,"column":34}}}},"branchMap":{},"s":{"1":1,"2":1,"3":1,"4":1,"5":1,"6":1,"7":1,"8":1,"9":0,"10":0,"11":1,"12":0,"13":0,"14":0,"15":1,"16":0,"17":0,"18":0,"19":1,"20":1,"21":1},"b":{},"f":{"1":1,"2":0,"3":0,"4":0,"5":0,"6":0},"l":{"1":1,"4":1,"5":1,"6":1,"8":1,"9":1,"12":1,"13":1,"23":1,"35":1,"36":0,"37":0,"38":0,"41":1,"42":0,"43":0,"46":0,"49":1}},
"src\\client\\sl-ui-framework\\layout\\service\\menu.service.ts":{"path":"src\\client\\sl-ui-framework\\layout\\service\\menu.service.ts","statementMap":{"1":{"start":{"line":4,"column":0},"end":{"line":4,"column":43}},"2":{"start":{"line":5,"column":0},"end":{"line":5,"column":39}},"3":{"start":{"line":12,"column":0},"end":{"line":66,"column":1}},"4":{"start":{"line":13,"column":12},"end":{"line":13,"column":60}},"5":{"start":{"line":14,"column":12},"end":{"line":14,"column":58}},"6":{"start":{"line":15,"column":12},"end":{"line":15,"column":61}},"7":{"start":{"line":17,"column":12},"end":{"line":17,"column":73}},"8":{"start":{"line":18,"column":12},"end":{"line":18,"column":78}},"9":{"start":{"line":19,"column":12},"end":{"line":19,"column":68}},"10":{"start":{"line":20,"column":12},"end":{"line":20,"column":59}},"11":{"start":{"line":22,"column":4},"end":{"line":22,"column":49}},"12":{"start":{"line":23,"column":4},"end":{"line":23,"column":45}},"13":{"start":{"line":24,"column":4},"end":{"line":24,"column":55}},"14":{"start":{"line":25,"column":4},"end":{"line":25,"column":60}},"15":{"start":{"line":26,"column":4},"end":{"line":26,"column":70}},"16":{"start":{"line":27,"column":4},"end":{"line":27,"column":50}},"17":{"start":{"line":28,"column":4},"end":{"line":28,"column":51}},"18":{"start":{"line":33,"column":4},"end":{"line":35,"column":5}},"19":{"start":{"line":34,"column":8},"end":{"line":34,"column":31}},"20":{"start":{"line":40,"column":4},"end":{"line":42,"column":5}},"21":{"start":{"line":41,"column":8},"end":{"line":41,"column":29}},"22":{"start":{"line":44,"column":4},"end":{"line":46,"column":5}},"23":{"start":{"line":45,"column":8},"end":{"line":45,"column":30}},"24":{"start":{"line":48,"column":4},"end":{"line":50,"column":5}},"25":{"start":{"line":49,"column":8},"end":{"line":49,"column":32}},"26":{"start":{"line":55,"column":4},"end":{"line":57,"column":5}},"27":{"start":{"line":56,"column":8},"end":{"line":56,"column":45}},"28":{"start":{"line":59,"column":4},"end":{"line":61,"column":5}},"29":{"start":{"line":60,"column":8},"end":{"line":60,"column":50}},"30":{"start":{"line":63,"column":4},"end":{"line":65,"column":5}},"31":{"start":{"line":64,"column":8},"end":{"line":64,"column":40}},"32":{"start":{"line":7,"column":0},"end":{"line":7,"column":13}},"33":{"start":{"line":66,"column":0},"end":{"line":66,"column":1}},"34":{"start":{"line":12,"column":13},"end":{"line":66,"column":1}}},"fnMap":{"1":{"name":"(anonymous_3)","line":12,"loc":{"start":{"line":12,"column":0},"end":{"line":null,"column":-1}}},"2":{"name":"(anonymous_5)","line":33,"loc":{"start":{"line":33,"column":4},"end":{"line":null,"column":-1}}},"3":{"name":"(anonymous_6)","line":40,"loc":{"start":{"line":40,"column":4},"end":{"line":null,"column":-1}}},"4":{"name":"(anonymous_7)","line":44,"loc":{"start":{"line":44,"column":4},"end":{"line":null,"column":-1}}},"5":{"name":"(anonymous_8)","line":48,"loc":{"start":{"line":48,"column":4},"end":{"line":null,"column":-1}}},"6":{"name":"(anonymous_9)","line":55,"loc":{"start":{"line":55,"column":4},"end":{"line":55,"column":34}}},"7":{"name":"(anonymous_10)","line":59,"loc":{"start":{"line":59,"column":4},"end":{"line":59,"column":39}}},"8":{"name":"(anonymous_11)","line":63,"loc":{"start":{"line":63,"column":4},"end":{"line":63,"column":29}}}},"branchMap":{},"s":{"1":1,"2":1,"3":2,"4":0,"5":0,"6":0,"7":0,"8":0,"9":0,"10":0,"11":0,"12":0,"13":0,"14":0,"15":0,"16":0,"17":0,"18":1,"19":0,"20":1,"21":0,"22":1,"23":0,"24":1,"25":0,"26":1,"27":0,"28":1,"29":0,"30":1,"31":0,"32":1,"33":1,"34":1},"b":{},"f":{"1":1,"2":0,"3":0,"4":0,"5":0,"6":0,"7":0,"8":0},"l":{"4":1,"5":1,"7":1,"12":2,"13":0,"14":0,"15":0,"17":0,"18":0,"19":0,"20":0,"22":0,"23":0,"24":0,"25":0,"26":0,"27":0,"28":0,"33":1,"34":0,"40":1,"41":0,"44":1,"45":0,"48":1,"49":0,"55":1,"56":0,"59":1,"60":0,"63":1,"64":0,"66":1}},
"src\\client\\sl-ui-framework\\infrastructure\\pagination\\pagination.service.ts":{"path":"src\\client\\sl-ui-framework\\infrastructure\\pagination\\pagination.service.ts","statementMap":{"1":{"start":{"line":1,"column":0},"end":{"line":1,"column":43}},"2":{"start":{"line":2,"column":0},"end":{"line":2,"column":59}},"3":{"start":{"line":5,"column":0},"end":{"line":45,"column":1}},"4":{"start":{"line":6,"column":4},"end":{"line":44,"column":5}},"5":{"start":{"line":6,"column":33},"end":{"line":6,"column":83}},"6":{"start":{"line":7,"column":8},"end":{"line":7,"column":38}},"7":{"start":{"line":7,"column":40},"end":{"line":7,"column":97}},"8":{"start":{"line":9,"column":8},"end":{"line":9,"column":58}},"9":{"start":{"line":11,"column":8},"end":{"line":11,"column":47}},"10":{"start":{"line":12,"column":8},"end":{"line":21,"column":9}},"11":{"start":{"line":13,"column":12},"end":{"line":13,"column":53}},"12":{"start":{"line":14,"column":12},"end":{"line":14,"column":33}},"13":{"start":{"line":15,"column":15},"end":{"line":21,"column":9}},"14":{"start":{"line":16,"column":12},"end":{"line":16,"column":122}},"15":{"start":{"line":17,"column":12},"end":{"line":17,"column":92}},"16":{"start":{"line":19,"column":12},"end":{"line":19,"column":116}},"17":{"start":{"line":20,"column":12},"end":{"line":20,"column":92}},"18":{"start":{"line":23,"column":8},"end":{"line":25,"column":9}},"19":{"start":{"line":24,"column":12},"end":{"line":24,"column":36}},"20":{"start":{"line":27,"column":8},"end":{"line":27,"column":54}},"21":{"start":{"line":28,"column":8},"end":{"line":28,"column":75}},"22":{"start":{"line":29,"column":8},"end":{"line":29,"column":42}},"23":{"start":{"line":30,"column":8},"end":{"line":32,"column":9}},"24":{"start":{"line":31,"column":12},"end":{"line":31,"column":26}},"25":{"start":{"line":33,"column":8},"end":{"line":43,"column":10}},"26":{"start":{"line":4,"column":0},"end":{"line":4,"column":13}},"27":{"start":{"line":45,"column":0},"end":{"line":45,"column":1}},"28":{"start":{"line":5,"column":13},"end":{"line":45,"column":1}}},"fnMap":{"1":{"name":"(anonymous_3)","line":5,"loc":{"start":{"line":5,"column":0},"end":{"line":null,"column":-1}}},"2":{"name":"(anonymous_5)","line":6,"loc":{"start":{"line":6,"column":4},"end":{"line":7,"column":97}}}},"branchMap":{"1":{"line":6,"type":"if","locations":[{"start":{"line":6,"column":33},"end":{"line":6,"column":32}},{"start":{"line":6,"column":33},"end":{"line":6,"column":32}}]},"2":{"line":7,"type":"if","locations":[{"start":{"line":7,"column":8},"end":{"line":7,"column":7}},{"start":{"line":7,"column":8},"end":{"line":7,"column":7}}]},"3":{"line":7,"type":"if","locations":[{"start":{"line":7,"column":40},"end":{"line":7,"column":39}},{"start":{"line":7,"column":40},"end":{"line":7,"column":39}}]},"4":{"line":12,"type":"if","locations":[{"start":{"line":12,"column":8},"end":{"line":12,"column":7}},{"start":{"line":12,"column":8},"end":{"line":12,"column":7}}]},"5":{"line":12,"type":"binary-expr","locations":[{"start":{"line":12,"column":12},"end":{"line":12,"column":55}},{"start":{"line":12,"column":59},"end":{"line":12,"column":75}}]},"6":{"line":15,"type":"if","locations":[{"start":{"line":15,"column":15},"end":{"line":15,"column":14}},{"start":{"line":15,"column":15},"end":{"line":15,"column":14}}]},"7":{"line":23,"type":"if","locations":[{"start":{"line":23,"column":8},"end":{"line":23,"column":7}},{"start":{"line":23,"column":8},"end":{"line":23,"column":7}}]}},"s":{"1":1,"2":1,"3":2,"4":1,"5":5,"6":9,"7":10,"8":5,"9":5,"10":5,"11":2,"12":2,"13":3,"14":0,"15":0,"16":3,"17":3,"18":5,"19":1,"20":5,"21":5,"22":5,"23":5,"24":31,"25":5,"26":1,"27":1,"28":1},"b":{"1":[0,5],"2":[4,1],"3":[5,0],"4":[2,3],"5":[5,4],"6":[0,3],"7":[1,4]},"f":{"1":13,"2":5},"l":{"1":1,"2":1,"4":1,"5":2,"6":5,"7":10,"9":5,"11":5,"12":5,"13":2,"14":2,"15":3,"16":0,"17":0,"19":3,"20":3,"23":5,"24":1,"27":5,"28":5,"29":5,"30":5,"31":31,"33":5,"45":1}},
"src\\client\\sl-ui-framework\\infrastructure\\pagination\\pagination.resource.ts":{"path":"src\\client\\sl-ui-framework\\infrastructure\\pagination\\pagination.resource.ts","statementMap":{"1":{"start":{"line":1,"column":13},"end":{"line":5,"column":2}}},"fnMap":{},"branchMap":{},"s":{"1":1},"b":{},"f":{},"l":{"1":1}},
"src\\client\\app\\notification\\notification.dateformat.pipe.ts":{"path":"src\\client\\app\\notification\\notification.dateformat.pipe.ts","statementMap":{"1":{"start":{"line":1,"column":0},"end":{"line":1,"column":52}},"2":{"start":{"line":3,"column":0},"end":{"line":3,"column":26}},"3":{"start":{"line":12,"column":0},"end":{"line":73,"column":1}},"4":{"start":{"line":21,"column":4},"end":{"line":29,"column":5}},"5":{"start":{"line":22,"column":8},"end":{"line":22,"column":44}},"6":{"start":{"line":23,"column":8},"end":{"line":28,"column":9}},"7":{"start":{"line":24,"column":12},"end":{"line":25,"column":64}},"8":{"start":{"line":27,"column":12},"end":{"line":27,"column":32}},"9":{"start":{"line":40,"column":12},"end":{"line":48,"column":5}},"10":{"start":{"line":41,"column":8},"end":{"line":41,"column":42}},"11":{"start":{"line":42,"column":8},"end":{"line":42,"column":70}},"12":{"start":{"line":43,"column":8},"end":{"line":47,"column":9}},"13":{"start":{"line":44,"column":12},"end":{"line":44,"column":25}},"14":{"start":{"line":46,"column":12},"end":{"line":46,"column":31}},"15":{"start":{"line":59,"column":12},"end":{"line":61,"column":5}},"16":{"start":{"line":60,"column":8},"end":{"line":60,"column":39}},"17":{"start":{"line":70,"column":12},"end":{"line":72,"column":5}},"18":{"start":{"line":71,"column":8},"end":{"line":71,"column":69}},"19":{"start":{"line":11,"column":0},"end":{"line":11,"column":29}},"20":{"start":{"line":73,"column":0},"end":{"line":73,"column":1}},"21":{"start":{"line":12,"column":13},"end":{"line":73,"column":1}}},"fnMap":{"1":{"name":"(anonymous_3)","line":12,"loc":{"start":{"line":12,"column":0},"end":{"line":null,"column":-1}}},"2":{"name":"(anonymous_5)","line":21,"loc":{"start":{"line":21,"column":4},"end":{"line":21,"column":27}}},"3":{"name":"(anonymous_6)","line":40,"loc":{"start":{"line":40,"column":4},"end":{"line":40,"column":40}}},"4":{"name":"(anonymous_7)","line":59,"loc":{"start":{"line":59,"column":4},"end":{"line":59,"column":30}}},"5":{"name":"(anonymous_8)","line":70,"loc":{"start":{"line":70,"column":4},"end":{"line":null,"column":-1}}}},"branchMap":{"1":{"line":23,"type":"if","locations":[{"start":{"line":23,"column":8},"end":{"line":23,"column":7}},{"start":{"line":23,"column":8},"end":{"line":23,"column":7}}]},"2":{"line":23,"type":"binary-expr","locations":[{"start":{"line":23,"column":12},"end":{"line":23,"column":24}},{"start":{"line":23,"column":28},"end":{"line":23,"column":47}}]},"3":{"line":43,"type":"if","locations":[{"start":{"line":43,"column":8},"end":{"line":43,"column":7}},{"start":{"line":43,"column":8},"end":{"line":43,"column":7}}]}},"s":{"1":1,"2":1,"3":2,"4":1,"5":0,"6":0,"7":0,"8":0,"9":1,"10":0,"11":0,"12":0,"13":0,"14":0,"15":1,"16":0,"17":1,"18":0,"19":1,"20":1,"21":1},"b":{"1":[0,0],"2":[0,0],"3":[0,0]},"f":{"1":1,"2":0,"3":0,"4":0,"5":0},"l":{"1":1,"3":1,"11":1,"12":2,"21":1,"22":0,"23":0,"24":0,"27":0,"40":1,"41":0,"42":0,"43":0,"44":0,"46":0,"59":1,"60":0,"70":1,"71":0,"73":1}},
"src\\client\\sl-ui-framework\\security\\sl-login\\sl-login.component.ts":{"path":"src\\client\\sl-ui-framework\\security\\sl-login\\sl-login.component.ts","statementMap":{"1":{"start":{"line":1,"column":0},"end":{"line":1,"column":64}},"2":{"start":{"line":2,"column":0},"end":{"line":2,"column":41}},"3":{"start":{"line":4,"column":0},"end":{"line":4,"column":68}},"4":{"start":{"line":5,"column":0},"end":{"line":5,"column":95}},"5":{"start":{"line":7,"column":0},"end":{"line":7,"column":30}},"6":{"start":{"line":8,"column":0},"end":{"line":8,"column":33}},"7":{"start":{"line":9,"column":0},"end":{"line":9,"column":31}},"8":{"start":{"line":11,"column":0},"end":{"line":11,"column":81}},"9":{"start":{"line":13,"column":0},"end":{"line":13,"column":64}},"10":{"start":{"line":14,"column":0},"end":{"line":14,"column":80}},"11":{"start":{"line":21,"column":0},"end":{"line":162,"column":1}},"12":{"start":{"line":70,"column":4},"end":{"line":75,"column":5}},"13":{"start":{"line":70,"column":24},"end":{"line":70,"column":47}},"14":{"start":{"line":71,"column":16},"end":{"line":71,"column":50}},"15":{"start":{"line":72,"column":16},"end":{"line":72,"column":30}},"16":{"start":{"line":73,"column":16},"end":{"line":73,"column":40}},"17":{"start":{"line":73,"column":50},"end":{"line":73,"column":74}},"18":{"start":{"line":23,"column":4},"end":{"line":23,"column":41}},"19":{"start":{"line":24,"column":4},"end":{"line":24,"column":29}},"20":{"start":{"line":25,"column":4},"end":{"line":25,"column":27}},"21":{"start":{"line":26,"column":4},"end":{"line":26,"column":27}},"22":{"start":{"line":27,"column":4},"end":{"line":27,"column":32}},"23":{"start":{"line":30,"column":4},"end":{"line":30,"column":28}},"24":{"start":{"line":35,"column":4},"end":{"line":39,"column":6}},"25":{"start":{"line":42,"column":4},"end":{"line":62,"column":6}},"26":{"start":{"line":74,"column":8},"end":{"line":74,"column":111}},"27":{"start":{"line":77,"column":4},"end":{"line":83,"column":5}},"28":{"start":{"line":78,"column":8},"end":{"line":78,"column":67}},"29":{"start":{"line":79,"column":8},"end":{"line":81,"column":9}},"30":{"start":{"line":80,"column":12},"end":{"line":80,"column":49}},"31":{"start":{"line":82,"column":8},"end":{"line":82,"column":25}},"32":{"start":{"line":85,"column":12},"end":{"line":91,"column":5}},"33":{"start":{"line":86,"column":8},"end":{"line":90,"column":10}},"34":{"start":{"line":94,"column":12},"end":{"line":104,"column":5}},"35":{"start":{"line":94,"column":4},"end":{"line":104,"column":5}},"36":{"start":{"line":95,"column":8},"end":{"line":99,"column":11}},"37":{"start":{"line":101,"column":8},"end":{"line":103,"column":11}},"38":{"start":{"line":102,"column":12},"end":{"line":102,"column":31}},"39":{"start":{"line":112,"column":4},"end":{"line":161,"column":5}},"40":{"start":{"line":113,"column":8},"end":{"line":159,"column":9}},"41":{"start":{"line":114,"column":12},"end":{"line":142,"column":19}},"42":{"start":{"line":121,"column":20},"end":{"line":128,"column":21}},"43":{"start":{"line":123,"column":24},"end":{"line":123,"column":61}},"44":{"start":{"line":126,"column":24},"end":{"line":126,"column":64}},"45":{"start":{"line":127,"column":24},"end":{"line":127,"column":58}},"46":{"start":{"line":131,"column":20},"end":{"line":135,"column":23}},"47":{"start":{"line":136,"column":20},"end":{"line":136,"column":39}},"48":{"start":{"line":137,"column":20},"end":{"line":137,"column":39}},"49":{"start":{"line":138,"column":20},"end":{"line":141,"column":21}},"50":{"start":{"line":139,"column":24},"end":{"line":139,"column":85}},"51":{"start":{"line":140,"column":24},"end":{"line":140,"column":80}},"52":{"start":{"line":144,"column":12},"end":{"line":158,"column":13}},"53":{"start":{"line":145,"column":16},"end":{"line":157,"column":17}},"54":{"start":{"line":146,"column":20},"end":{"line":146,"column":53}},"55":{"start":{"line":147,"column":20},"end":{"line":147,"column":62}},"56":{"start":{"line":148,"column":20},"end":{"line":156,"column":21}},"57":{"start":{"line":149,"column":24},"end":{"line":154,"column":25}},"58":{"start":{"line":150,"column":28},"end":{"line":153,"column":29}},"59":{"start":{"line":151,"column":32},"end":{"line":151,"column":93}},"60":{"start":{"line":152,"column":32},"end":{"line":152,"column":38}},"61":{"start":{"line":16,"column":0},"end":{"line":19,"column":2}},"62":{"start":{"line":162,"column":0},"end":{"line":162,"column":1}},"63":{"start":{"line":21,"column":13},"end":{"line":162,"column":1}}},"fnMap":{"1":{"name":"(anonymous_3)","line":21,"loc":{"start":{"line":21,"column":0},"end":{"line":null,"column":-1}}},"2":{"name":"LoginComponent","line":70,"loc":{"start":{"line":70,"column":4},"end":{"line":73,"column":74}}},"3":{"name":"(anonymous_5)","line":77,"loc":{"start":{"line":77,"column":4},"end":{"line":null,"column":-1}}},"4":{"name":"(anonymous_6)","line":85,"loc":{"start":{"line":85,"column":4},"end":{"line":null,"column":-1}}},"5":{"name":"(anonymous_7)","line":94,"loc":{"start":{"line":94,"column":4},"end":{"line":null,"column":-1}}},"6":{"name":"(anonymous_8)","line":101,"loc":{"start":{"line":101,"column":46},"end":{"line":101,"column":50}}},"7":{"name":"(anonymous_9)","line":112,"loc":{"start":{"line":112,"column":4},"end":{"line":null,"column":-1}}},"8":{"name":"(anonymous_10)","line":120,"loc":{"start":{"line":120,"column":27},"end":{"line":120,"column":33}}},"9":{"name":"(anonymous_11)","line":130,"loc":{"start":{"line":130,"column":16},"end":{"line":130,"column":21}}}},"branchMap":{"1":{"line":79,"type":"if","locations":[{"start":{"line":79,"column":8},"end":{"line":79,"column":7}},{"start":{"line":79,"column":8},"end":{"line":79,"column":7}}]},"2":{"line":113,"type":"if","locations":[{"start":{"line":113,"column":8},"end":{"line":113,"column":7}},{"start":{"line":113,"column":8},"end":{"line":113,"column":7}}]},"3":{"line":121,"type":"if","locations":[{"start":{"line":121,"column":20},"end":{"line":121,"column":19}},{"start":{"line":121,"column":20},"end":{"line":121,"column":19}}]},"4":{"line":138,"type":"if","locations":[{"start":{"line":138,"column":20},"end":{"line":138,"column":19}},{"start":{"line":138,"column":20},"end":{"line":138,"column":19}}]},"5":{"line":138,"type":"binary-expr","locations":[{"start":{"line":138,"column":24},"end":{"line":138,"column":35}},{"start":{"line":138,"column":39},"end":{"line":138,"column":62}}]},"6":{"line":145,"type":"if","locations":[{"start":{"line":145,"column":16},"end":{"line":145,"column":15}},{"start":{"line":145,"column":16},"end":{"line":145,"column":15}}]},"7":{"line":148,"type":"if","locations":[{"start":{"line":148,"column":20},"end":{"line":148,"column":19}},{"start":{"line":148,"column":20},"end":{"line":148,"column":19}}]},"8":{"line":148,"type":"binary-expr","locations":[{"start":{"line":148,"column":24},"end":{"line":148,"column":31}},{"start":{"line":148,"column":35},"end":{"line":148,"column":49}}]},"9":{"line":150,"type":"if","locations":[{"start":{"line":150,"column":28},"end":{"line":150,"column":27}},{"start":{"line":150,"column":28},"end":{"line":150,"column":27}}]}},"s":{"1":1,"2":1,"3":1,"4":1,"5":1,"6":1,"7":1,"8":1,"9":1,"10":1,"11":1,"12":1,"13":0,"14":0,"15":0,"16":0,"17":0,"18":0,"19":0,"20":0,"21":0,"22":0,"23":0,"24":0,"25":0,"26":0,"27":1,"28":0,"29":0,"30":0,"31":0,"32":1,"33":0,"34":1,"35":0,"36":0,"37":0,"38":0,"39":1,"40":0,"41":0,"42":0,"43":0,"44":0,"45":0,"46":0,"47":0,"48":0,"49":0,"50":0,"51":0,"52":0,"53":0,"54":0,"55":0,"56":0,"57":0,"58":0,"59":0,"60":0,"61":1,"62":1,"63":1},"b":{"1":[0,0],"2":[0,0],"3":[0,0],"4":[0,0],"5":[0,0],"6":[0,0],"7":[0,0],"8":[0,0],"9":[0,0]},"f":{"1":1,"2":0,"3":0,"4":0,"5":0,"6":0,"7":0,"8":0,"9":0},"l":{"1":1,"2":1,"4":1,"5":1,"7":1,"8":1,"9":1,"11":1,"13":1,"14":1,"16":1,"21":1,"23":0,"24":0,"25":0,"26":0,"27":0,"30":0,"35":0,"42":0,"70":1,"71":0,"72":0,"73":0,"74":0,"77":1,"78":0,"79":0,"80":0,"82":0,"85":1,"86":0,"94":1,"95":0,"101":0,"102":0,"112":1,"113":0,"114":0,"121":0,"123":0,"126":0,"127":0,"131":0,"136":0,"137":0,"138":0,"139":0,"140":0,"144":0,"145":0,"146":0,"147":0,"148":0,"149":0,"150":0,"151":0,"152":0,"162":1}},
"src\\client\\sl-ui-framework\\security\\sl-login\\shared\\sl-login.authentication.service.ts":{"path":"src\\client\\sl-ui-framework\\security\\sl-login\\shared\\sl-login.authentication.service.ts","statementMap":{"1":{"start":{"line":1,"column":0},"end":{"line":1,"column":43}},"2":{"start":{"line":2,"column":0},"end":{"line":2,"column":58}},"3":{"start":{"line":5,"column":0},"end":{"line":5,"column":45}},"4":{"start":{"line":7,"column":0},"end":{"line":7,"column":83}},"5":{"start":{"line":8,"column":0},"end":{"line":8,"column":92}},"6":{"start":{"line":10,"column":0},"end":{"line":10,"column":46}},"7":{"start":{"line":13,"column":0},"end":{"line":13,"column":52}},"8":{"start":{"line":14,"column":0},"end":{"line":14,"column":67}},"9":{"start":{"line":15,"column":0},"end":{"line":15,"column":35}},"10":{"start":{"line":16,"column":0},"end":{"line":16,"column":46}},"11":{"start":{"line":24,"column":0},"end":{"line":225,"column":1}},"12":{"start":{"line":32,"column":2},"end":{"line":34,"column":3}},"13":{"start":{"line":32,"column":22},"end":{"line":32,"column":45}},"14":{"start":{"line":33,"column":22},"end":{"line":33,"column":44}},"15":{"start":{"line":44,"column":2},"end":{"line":73,"column":3}},"16":{"start":{"line":45,"column":4},"end":{"line":45,"column":63}},"17":{"start":{"line":46,"column":4},"end":{"line":46,"column":98}},"18":{"start":{"line":47,"column":4},"end":{"line":47,"column":44}},"19":{"start":{"line":48,"column":4},"end":{"line":72,"column":9}},"20":{"start":{"line":50,"column":8},"end":{"line":50,"column":70}},"21":{"start":{"line":51,"column":8},"end":{"line":51,"column":72}},"22":{"start":{"line":52,"column":8},"end":{"line":52,"column":63}},"23":{"start":{"line":54,"column":8},"end":{"line":69,"column":9}},"24":{"start":{"line":55,"column":10},"end":{"line":65,"column":16}},"25":{"start":{"line":66,"column":10},"end":{"line":66,"column":22}},"26":{"start":{"line":68,"column":10},"end":{"line":68,"column":23}},"27":{"start":{"line":71,"column":8},"end":{"line":71,"column":37}},"28":{"start":{"line":82,"column":2},"end":{"line":90,"column":3}},"29":{"start":{"line":83,"column":4},"end":{"line":83,"column":99}},"30":{"start":{"line":84,"column":4},"end":{"line":89,"column":9}},"31":{"start":{"line":86,"column":8},"end":{"line":86,"column":20}},"32":{"start":{"line":88,"column":8},"end":{"line":88,"column":37}},"33":{"start":{"line":99,"column":2},"end":{"line":101,"column":3}},"34":{"start":{"line":100,"column":4},"end":{"line":100,"column":133}},"35":{"start":{"line":111,"column":2},"end":{"line":123,"column":3}},"36":{"start":{"line":112,"column":4},"end":{"line":112,"column":36}},"37":{"start":{"line":113,"column":4},"end":{"line":113,"column":33}},"38":{"start":{"line":114,"column":4},"end":{"line":114,"column":49}},"39":{"start":{"line":115,"column":4},"end":{"line":121,"column":5}},"40":{"start":{"line":116,"column":6},"end":{"line":116,"column":38}},"41":{"start":{"line":117,"column":6},"end":{"line":117,"column":54}},"42":{"start":{"line":118,"column":6},"end":{"line":118,"column":40}},"43":{"start":{"line":119,"column":6},"end":{"line":119,"column":42}},"44":{"start":{"line":120,"column":6},"end":{"line":120,"column":25}},"45":{"start":{"line":122,"column":4},"end":{"line":122,"column":16}},"46":{"start":{"line":133,"column":2},"end":{"line":148,"column":3}},"47":{"start":{"line":135,"column":4},"end":{"line":146,"column":5}},"48":{"start":{"line":136,"column":6},"end":{"line":145,"column":8}},"49":{"start":{"line":147,"column":4},"end":{"line":147,"column":16}},"50":{"start":{"line":160,"column":2},"end":{"line":165,"column":3}},"51":{"start":{"line":162,"column":4},"end":{"line":164,"column":64}},"52":{"start":{"line":175,"column":2},"end":{"line":183,"column":3}},"53":{"start":{"line":176,"column":4},"end":{"line":176,"column":17}},"54":{"start":{"line":177,"column":4},"end":{"line":177,"column":34}},"55":{"start":{"line":178,"column":4},"end":{"line":181,"column":5}},"56":{"start":{"line":179,"column":6},"end":{"line":179,"column":40}},"57":{"start":{"line":180,"column":6},"end":{"line":180,"column":19}},"58":{"start":{"line":182,"column":4},"end":{"line":182,"column":27}},"59":{"start":{"line":193,"column":2},"end":{"line":200,"column":3}},"60":{"start":{"line":194,"column":4},"end":{"line":194,"column":65}},"61":{"start":{"line":195,"column":4},"end":{"line":195,"column":61}},"62":{"start":{"line":196,"column":4},"end":{"line":196,"column":57}},"63":{"start":{"line":197,"column":4},"end":{"line":197,"column":57}},"64":{"start":{"line":198,"column":4},"end":{"line":198,"column":57}},"65":{"start":{"line":199,"column":4},"end":{"line":199,"column":38}},"66":{"start":{"line":209,"column":2},"end":{"line":223,"column":3}},"67":{"start":{"line":210,"column":4},"end":{"line":210,"column":96}},"68":{"start":{"line":211,"column":4},"end":{"line":221,"column":5}},"69":{"start":{"line":212,"column":6},"end":{"line":220,"column":8}},"70":{"start":{"line":222,"column":4},"end":{"line":222,"column":16}},"71":{"start":{"line":23,"column":0},"end":{"line":23,"column":13}},"72":{"start":{"line":225,"column":0},"end":{"line":225,"column":1}},"73":{"start":{"line":24,"column":13},"end":{"line":225,"column":1}}},"fnMap":{"1":{"name":"(anonymous_3)","line":24,"loc":{"start":{"line":24,"column":0},"end":{"line":null,"column":-1}}},"2":{"name":"AuthenticationService","line":32,"loc":{"start":{"line":32,"column":2},"end":{"line":33,"column":44}}},"3":{"name":"(anonymous_5)","line":44,"loc":{"start":{"line":44,"column":2},"end":{"line":44,"column":32}}},"4":{"name":"(anonymous_6)","line":49,"loc":{"start":{"line":49,"column":11},"end":{"line":49,"column":30}}},"5":{"name":"(anonymous_7)","line":70,"loc":{"start":{"line":70,"column":15},"end":{"line":70,"column":18}}},"6":{"name":"(anonymous_8)","line":82,"loc":{"start":{"line":82,"column":2},"end":{"line":82,"column":34}}},"7":{"name":"(anonymous_9)","line":85,"loc":{"start":{"line":85,"column":11},"end":{"line":85,"column":30}}},"8":{"name":"(anonymous_10)","line":87,"loc":{"start":{"line":87,"column":15},"end":{"line":87,"column":18}}},"9":{"name":"(anonymous_11)","line":99,"loc":{"start":{"line":99,"column":2},"end":{"line":null,"column":-1}}},"10":{"name":"(anonymous_12)","line":111,"loc":{"start":{"line":111,"column":2},"end":{"line":111,"column":33}}},"11":{"name":"(anonymous_13)","line":133,"loc":{"start":{"line":133,"column":2},"end":{"line":133,"column":35}}},"12":{"name":"(anonymous_14)","line":160,"loc":{"start":{"line":160,"column":2},"end":{"line":161,"column":32}}},"13":{"name":"(anonymous_15)","line":175,"loc":{"start":{"line":175,"column":2},"end":{"line":175,"column":31}}},"14":{"name":"(anonymous_16)","line":193,"loc":{"start":{"line":193,"column":2},"end":{"line":193,"column":41}}},"15":{"name":"(anonymous_17)","line":209,"loc":{"start":{"line":209,"column":2},"end":{"line":null,"column":-1}}}},"branchMap":{"1":{"line":50,"type":"binary-expr","locations":[{"start":{"line":50,"column":22},"end":{"line":50,"column":37}},{"start":{"line":50,"column":41},"end":{"line":50,"column":69}}]},"2":{"line":54,"type":"if","locations":[{"start":{"line":54,"column":8},"end":{"line":54,"column":7}},{"start":{"line":54,"column":8},"end":{"line":54,"column":7}}]},"3":{"line":54,"type":"binary-expr","locations":[{"start":{"line":54,"column":12},"end":{"line":54,"column":19}},{"start":{"line":54,"column":23},"end":{"line":54,"column":36}},{"start":{"line":54,"column":40},"end":{"line":54,"column":51}}]},"4":{"line":100,"type":"binary-expr","locations":[{"start":{"line":100,"column":11},"end":{"line":100,"column":65}},{"start":{"line":100,"column":69},"end":{"line":100,"column":132}}]},"5":{"line":115,"type":"if","locations":[{"start":{"line":115,"column":4},"end":{"line":115,"column":3}},{"start":{"line":115,"column":4},"end":{"line":115,"column":3}}]},"6":{"line":135,"type":"if","locations":[{"start":{"line":135,"column":4},"end":{"line":135,"column":3}},{"start":{"line":135,"column":4},"end":{"line":135,"column":3}}]},"7":{"line":162,"type":"binary-expr","locations":[{"start":{"line":162,"column":11},"end":{"line":162,"column":40}},{"start":{"line":163,"column":6},"end":{"line":163,"column":29}},{"start":{"line":164,"column":6},"end":{"line":164,"column":63}}]},"8":{"line":211,"type":"if","locations":[{"start":{"line":211,"column":4},"end":{"line":211,"column":3}},{"start":{"line":211,"column":4},"end":{"line":211,"column":3}}]},"9":{"line":211,"type":"binary-expr","locations":[{"start":{"line":211,"column":8},"end":{"line":211,"column":26}},{"start":{"line":211,"column":30},"end":{"line":211,"column":57}}]}},"s":{"1":1,"2":1,"3":1,"4":1,"5":1,"6":1,"7":1,"8":1,"9":1,"10":1,"11":1,"12":1,"13":0,"14":0,"15":1,"16":0,"17":0,"18":0,"19":0,"20":0,"21":0,"22":0,"23":0,"24":0,"25":0,"26":0,"27":0,"28":1,"29":0,"30":0,"31":0,"32":0,"33":1,"34":0,"35":1,"36":0,"37":0,"38":0,"39":0,"40":0,"41":0,"42":0,"43":0,"44":0,"45":0,"46":1,"47":0,"48":0,"49":0,"50":1,"51":0,"52":1,"53":0,"54":0,"55":0,"56":0,"57":0,"58":0,"59":1,"60":0,"61":0,"62":0,"63":0,"64":0,"65":0,"66":1,"67":0,"68":0,"69":0,"70":0,"71":1,"72":1,"73":1},"b":{"1":[0,0],"2":[0,0],"3":[0,0,0],"4":[0,0],"5":[0,0],"6":[0,0],"7":[0,0,0],"8":[0,0],"9":[0,0]},"f":{"1":1,"2":0,"3":0,"4":0,"5":0,"6":0,"7":0,"8":0,"9":0,"10":0,"11":0,"12":0,"13":0,"14":0,"15":0},"l":{"1":1,"2":1,"5":1,"7":1,"8":1,"10":1,"13":1,"14":1,"15":1,"16":1,"23":1,"24":1,"32":1,"33":0,"44":1,"45":0,"46":0,"47":0,"48":0,"50":0,"51":0,"52":0,"54":0,"55":0,"66":0,"68":0,"71":0,"82":1,"83":0,"84":0,"86":0,"88":0,"99":1,"100":0,"111":1,"112":0,"113":0,"114":0,"115":0,"116":0,"117":0,"118":0,"119":0,"120":0,"122":0,"133":1,"135":0,"136":0,"147":0,"160":1,"162":0,"175":1,"176":0,"177":0,"178":0,"179":0,"180":0,"182":0,"193":1,"194":0,"195":0,"196":0,"197":0,"198":0,"199":0,"209":1,"210":0,"211":0,"212":0,"222":0,"225":1}},
"src\\client\\sl-ui-framework\\security\\sl-login\\shared\\sl-login.user.ts":{"path":"src\\client\\sl-ui-framework\\security\\sl-login\\shared\\sl-login.user.ts","statementMap":{"1":{"start":{"line":7,"column":0},"end":{"line":11,"column":1}},"2":{"start":{"line":11,"column":0},"end":{"line":11,"column":1}},"3":{"start":{"line":7,"column":13},"end":{"line":11,"column":1}},"4":{"start":{"line":18,"column":0},"end":{"line":21,"column":1}},"5":{"start":{"line":19,"column":4},"end":{"line":20,"column":5}},"6":{"start":{"line":19,"column":23},"end":{"line":19,"column":36}},"7":{"start":{"line":19,"column":45},"end":{"line":19,"column":61}},"8":{"start":{"line":19,"column":70},"end":{"line":19,"column":87}},"9":{"start":{"line":21,"column":0},"end":{"line":21,"column":1}},"10":{"start":{"line":18,"column":13},"end":{"line":21,"column":1}}},"fnMap":{"1":{"name":"(anonymous_1)","line":7,"loc":{"start":{"line":7,"column":0},"end":{"line":null,"column":-1}}},"2":{"name":"(anonymous_3)","line":18,"loc":{"start":{"line":18,"column":0},"end":{"line":null,"column":-1}}},"3":{"name":"User","line":19,"loc":{"start":{"line":19,"column":4},"end":{"line":19,"column":87}}}},"branchMap":{},"s":{"1":2,"2":1,"3":1,"4":1,"5":1,"6":0,"7":0,"8":0,"9":1,"10":1},"b":{},"f":{"1":1,"2":1,"3":0},"l":{"7":2,"11":1,"18":1,"19":1,"21":1}},
"src\\client\\sl-ui-framework\\security\\sl-login\\sl-login.jwtHelper.ts":{"path":"src\\client\\sl-ui-framework\\security\\sl-login\\sl-login.jwtHelper.ts","statementMap":{"1":{"start":{"line":1,"column":0},"end":{"line":30,"column":1}},"2":{"start":{"line":2,"column":12},"end":{"line":17,"column":5}},"3":{"start":{"line":3,"column":8},"end":{"line":3,"column":63}},"4":{"start":{"line":4,"column":8},"end":{"line":9,"column":9}},"5":{"start":{"line":5,"column":20},"end":{"line":5,"column":26}},"6":{"start":{"line":6,"column":20},"end":{"line":6,"column":35}},"7":{"start":{"line":6,"column":36},"end":{"line":6,"column":42}},"8":{"start":{"line":7,"column":20},"end":{"line":7,"column":34}},"9":{"start":{"line":7,"column":35},"end":{"line":7,"column":41}},"10":{"start":{"line":8,"column":21},"end":{"line":8,"column":55}},"11":{"start":{"line":10,"column":8},"end":{"line":16,"column":10}},"12":{"start":{"line":11,"column":8},"end":{"line":11,"column":62}},"13":{"start":{"line":12,"column":8},"end":{"line":14,"column":9}},"14":{"start":{"line":13,"column":10},"end":{"line":13,"column":28}},"15":{"start":{"line":15,"column":8},"end":{"line":15,"column":26}},"16":{"start":{"line":19,"column":11},"end":{"line":29,"column":5}},"17":{"start":{"line":20,"column":8},"end":{"line":20,"column":37}},"18":{"start":{"line":21,"column":8},"end":{"line":23,"column":9}},"19":{"start":{"line":22,"column":12},"end":{"line":22,"column":53}},"20":{"start":{"line":24,"column":8},"end":{"line":24,"column":53}},"21":{"start":{"line":25,"column":8},"end":{"line":27,"column":9}},"22":{"start":{"line":26,"column":12},"end":{"line":26,"column":55}},"23":{"start":{"line":28,"column":8},"end":{"line":28,"column":35}},"24":{"start":{"line":30,"column":0},"end":{"line":30,"column":1}},"25":{"start":{"line":1,"column":13},"end":{"line":30,"column":1}}},"fnMap":{"1":{"name":"(anonymous_1)","line":1,"loc":{"start":{"line":1,"column":0},"end":{"line":null,"column":-1}}},"2":{"name":"(anonymous_3)","line":2,"loc":{"start":{"line":2,"column":4},"end":{"line":2,"column":39}}},"3":{"name":"(anonymous_4)","line":10,"loc":{"start":{"line":10,"column":60},"end":{"line":10,"column":74}}},"4":{"name":"(anonymous_5)","line":19,"loc":{"start":{"line":19,"column":4},"end":{"line":19,"column":36}}}},"branchMap":{"1":{"line":5,"type":"switch","locations":[{"start":{"line":5,"column":12},"end":{"line":5,"column":26}},{"start":{"line":6,"column":12},"end":{"line":6,"column":42}},{"start":{"line":7,"column":12},"end":{"line":7,"column":41}},{"start":{"line":8,"column":12},"end":{"line":8,"column":55}}]},"2":{"line":12,"type":"if","locations":[{"start":{"line":12,"column":8},"end":{"line":12,"column":7}},{"start":{"line":12,"column":8},"end":{"line":12,"column":7}}]},"3":{"line":21,"type":"if","locations":[{"start":{"line":21,"column":8},"end":{"line":21,"column":7}},{"start":{"line":21,"column":8},"end":{"line":21,"column":7}}]},"4":{"line":25,"type":"if","locations":[{"start":{"line":25,"column":8},"end":{"line":25,"column":7}},{"start":{"line":25,"column":8},"end":{"line":25,"column":7}}]}},"s":{"1":2,"2":1,"3":0,"4":0,"5":0,"6":0,"7":0,"8":0,"9":0,"10":0,"11":0,"12":0,"13":0,"14":0,"15":0,"16":1,"17":0,"18":0,"19":0,"20":0,"21":0,"22":0,"23":0,"24":1,"25":1},"b":{"1":[0,0,0,0],"2":[0,0],"3":[0,0],"4":[0,0]},"f":{"1":1,"2":0,"3":0,"4":0},"l":{"1":2,"2":1,"3":0,"4":0,"5":0,"6":0,"7":0,"8":0,"10":0,"11":0,"12":0,"13":0,"15":0,"19":1,"20":0,"21":0,"22":0,"24":0,"25":0,"26":0,"28":0,"30":1}},
"src\\client\\sl-ui-framework\\security\\sl-login\\shared\\sl-login.constants.ts":{"path":"src\\client\\sl-ui-framework\\security\\sl-login\\shared\\sl-login.constants.ts","statementMap":{"1":{"start":{"line":4,"column":13},"end":{"line":7,"column":2}}},"fnMap":{},"branchMap":{},"s":{"1":1},"b":{},"f":{},"l":{"4":1}},
"src\\client\\sl-ui-framework\\security\\sl-login\\sl-login.encoder.ts":{"path":"src\\client\\sl-ui-framework\\security\\sl-login\\sl-login.encoder.ts","statementMap":{"1":{"start":{"line":1,"column":0},"end":{"line":1,"column":45}},"2":{"start":{"line":9,"column":0},"end":{"line":34,"column":1}},"3":{"start":{"line":9,"column":29},"end":{"line":9,"column":41}},"4":{"start":{"line":18,"column":4},"end":{"line":21,"column":5}},"5":{"start":{"line":19,"column":8},"end":{"line":19,"column":31}},"6":{"start":{"line":20,"column":8},"end":{"line":20,"column":40}},"7":{"start":{"line":30,"column":4},"end":{"line":33,"column":5}},"8":{"start":{"line":31,"column":8},"end":{"line":31,"column":31}},"9":{"start":{"line":32,"column":8},"end":{"line":32,"column":40}},"10":{"start":{"line":34,"column":0},"end":{"line":34,"column":1}},"11":{"start":{"line":9,"column":13},"end":{"line":34,"column":1}}},"fnMap":{"1":{"name":"(anonymous_3)","line":9,"loc":{"start":{"line":9,"column":0},"end":{"line":null,"column":-1}}},"2":{"name":"(anonymous_5)","line":18,"loc":{"start":{"line":18,"column":4},"end":{"line":18,"column":23}}},"3":{"name":"(anonymous_6)","line":30,"loc":{"start":{"line":30,"column":4},"end":{"line":30,"column":25}}}},"branchMap":{},"s":{"1":1,"2":2,"3":1,"4":1,"5":0,"6":0,"7":1,"8":0,"9":0,"10":1,"11":1},"b":{},"f":{"1":1,"2":0,"3":0},"l":{"1":1,"9":2,"18":1,"19":0,"20":0,"30":1,"31":0,"32":0,"34":1}}}
